{"/Users/guillermosotozuniga/restaurant-web/frontend/src/App.jsx": {"path":"/Users/guillermosotozuniga/restaurant-web/frontend/src/App.jsx","statementMap":{"0":{"start":{"line":27,"column":0},"end":{"line":27,"column":33}},"1":{"start":{"line":30,"column":28},"end":{"line":41,"column":4}},"2":{"start":{"line":31,"column":25},"end":{"line":34,"column":3}},"3":{"start":{"line":36,"column":2},"end":{"line":38,"column":3}},"4":{"start":{"line":40,"column":2},"end":{"line":40,"column":24}},"5":{"start":{"line":44,"column":19},"end":{"line":155,"column":1}},"6":{"start":{"line":45,"column":2},"end":{"line":154,"column":3}},"7":{"start":{"line":47,"column":6},"end":{"line":142,"column":13}},"8":{"start":{"line":145,"column":2},"end":{"line":145,"column":17}},"9":{"start":{"line":147,"column":4},"end":{"line":153,"column":6}},"10":{"start":{"line":158,"column":2},"end":{"line":194,"column":3}},"11":{"start":{"line":159,"column":4},"end":{"line":171,"column":5}},"12":{"start":{"line":160,"column":6},"end":{"line":170,"column":8}},"13":{"start":{"line":173,"column":4},"end":{"line":185,"column":6}},"14":{"start":{"line":187,"column":4},"end":{"line":193,"column":6}}},"fnMap":{"0":{"name":"(anonymous_0)","decl":{"start":{"line":30,"column":29},"end":{"line":30,"column":30}},"loc":{"start":{"line":30,"column":35},"end":{"line":41,"column":1}},"line":30},"1":{"name":"(anonymous_1)","decl":{"start":{"line":44,"column":19},"end":{"line":44,"column":20}},"loc":{"start":{"line":44,"column":25},"end":{"line":155,"column":1}},"line":44},"2":{"name":"App","decl":{"start":{"line":157,"column":9},"end":{"line":157,"column":12}},"loc":{"start":{"line":157,"column":15},"end":{"line":195,"column":1}},"line":157}},"branchMap":{"0":{"loc":{"start":{"line":32,"column":4},"end":{"line":33,"column":50}},"type":"binary-expr","locations":[{"start":{"line":32,"column":4},"end":{"line":32,"column":49}},{"start":{"line":33,"column":4},"end":{"line":33,"column":50}}],"line":32},"1":{"loc":{"start":{"line":36,"column":2},"end":{"line":38,"column":3}},"type":"if","locations":[{"start":{"line":36,"column":2},"end":{"line":38,"column":3}},{"start":{},"end":{}}],"line":36},"2":{"loc":{"start":{"line":159,"column":4},"end":{"line":171,"column":5}},"type":"if","locations":[{"start":{"line":159,"column":4},"end":{"line":171,"column":5}},{"start":{},"end":{}}],"line":159}},"s":{"0":0,"1":0,"2":0,"3":0,"4":0,"5":0,"6":0,"7":0,"8":0,"9":0,"10":0,"11":0,"12":0,"13":0,"14":0},"f":{"0":0,"1":0,"2":0},"b":{"0":[0,0],"1":[0,0],"2":[0,0]}}
,"/Users/guillermosotozuniga/restaurant-web/frontend/src/components/AnalyticsCharts.jsx": {"path":"/Users/guillermosotozuniga/restaurant-web/frontend/src/components/AnalyticsCharts.jsx","statementMap":{"0":{"start":{"line":20,"column":24},"end":{"line":898,"column":1}},"1":{"start":{"line":31,"column":44},"end":{"line":31,"column":56}},"2":{"start":{"line":32,"column":32},"end":{"line":32,"column":47}},"3":{"start":{"line":33,"column":46},"end":{"line":33,"column":60}},"4":{"start":{"line":34,"column":48},"end":{"line":34,"column":72}},"5":{"start":{"line":35,"column":38},"end":{"line":35,"column":53}},"6":{"start":{"line":38,"column":25},"end":{"line":47,"column":3}},"7":{"start":{"line":50,"column":27},"end":{"line":59,"column":21}},"8":{"start":{"line":51,"column":4},"end":{"line":51,"column":69}},"9":{"start":{"line":51,"column":44},"end":{"line":51,"column":69}},"10":{"start":{"line":53,"column":24},"end":{"line":55,"column":31}},"11":{"start":{"line":54,"column":22},"end":{"line":54,"column":57}},"12":{"start":{"line":55,"column":18},"end":{"line":55,"column":30}},"13":{"start":{"line":57,"column":26},"end":{"line":57,"column":59}},"14":{"start":{"line":58,"column":4},"end":{"line":58,"column":90}},"15":{"start":{"line":63,"column":2},"end":{"line":96,"column":36}},"16":{"start":{"line":64,"column":4},"end":{"line":95,"column":5}},"17":{"start":{"line":67,"column":6},"end":{"line":93,"column":7}},"18":{"start":{"line":69,"column":30},"end":{"line":82,"column":10}},"19":{"start":{"line":71,"column":10},"end":{"line":81,"column":12}},"20":{"start":{"line":84,"column":8},"end":{"line":84,"column":40}},"21":{"start":{"line":87,"column":8},"end":{"line":92,"column":12}},"22":{"start":{"line":94,"column":6},"end":{"line":94,"column":24}},"23":{"start":{"line":99,"column":20},"end":{"line":179,"column":35}},"24":{"start":{"line":100,"column":4},"end":{"line":102,"column":5}},"25":{"start":{"line":101,"column":6},"end":{"line":101,"column":58}},"26":{"start":{"line":104,"column":23},"end":{"line":119,"column":5}},"27":{"start":{"line":105,"column":6},"end":{"line":118,"column":7}},"28":{"start":{"line":106,"column":8},"end":{"line":106,"column":35}},"29":{"start":{"line":106,"column":22},"end":{"line":106,"column":35}},"30":{"start":{"line":108,"column":35},"end":{"line":108,"column":65}},"31":{"start":{"line":109,"column":21},"end":{"line":109,"column":51}},"32":{"start":{"line":111,"column":8},"end":{"line":115,"column":11}},"33":{"start":{"line":117,"column":8},"end":{"line":117,"column":32}},"34":{"start":{"line":122,"column":22},"end":{"line":139,"column":6}},"35":{"start":{"line":123,"column":22},"end":{"line":123,"column":62}},"36":{"start":{"line":126,"column":30},"end":{"line":126,"column":32}},"37":{"start":{"line":127,"column":6},"end":{"line":131,"column":7}},"38":{"start":{"line":128,"column":8},"end":{"line":130,"column":11}},"39":{"start":{"line":129,"column":10},"end":{"line":129,"column":80}},"40":{"start":{"line":134,"column":6},"end":{"line":138,"column":8}},"41":{"start":{"line":142,"column":27},"end":{"line":159,"column":6}},"42":{"start":{"line":143,"column":25},"end":{"line":143,"column":63}},"43":{"start":{"line":146,"column":30},"end":{"line":146,"column":32}},"44":{"start":{"line":147,"column":6},"end":{"line":151,"column":7}},"45":{"start":{"line":148,"column":8},"end":{"line":150,"column":11}},"46":{"start":{"line":149,"column":10},"end":{"line":149,"column":81}},"47":{"start":{"line":154,"column":6},"end":{"line":158,"column":8}},"48":{"start":{"line":162,"column":26},"end":{"line":176,"column":6}},"49":{"start":{"line":163,"column":26},"end":{"line":163,"column":65}},"50":{"start":{"line":164,"column":21},"end":{"line":164,"column":74}},"51":{"start":{"line":167,"column":26},"end":{"line":167,"column":93}},"52":{"start":{"line":167,"column":55},"end":{"line":167,"column":89}},"53":{"start":{"line":170,"column":29},"end":{"line":170,"column":76}},"54":{"start":{"line":172,"column":6},"end":{"line":175,"column":8}},"55":{"start":{"line":178,"column":4},"end":{"line":178,"column":86}},"56":{"start":{"line":182,"column":2},"end":{"line":186,"column":18}},"57":{"start":{"line":183,"column":4},"end":{"line":183,"column":25}},"58":{"start":{"line":184,"column":4},"end":{"line":184,"column":28}},"59":{"start":{"line":185,"column":4},"end":{"line":185,"column":39}},"60":{"start":{"line":192,"column":34},"end":{"line":288,"column":3}},"61":{"start":{"line":193,"column":4},"end":{"line":193,"column":42}},"62":{"start":{"line":193,"column":32},"end":{"line":193,"column":42}},"63":{"start":{"line":195,"column":28},"end":{"line":195,"column":30}},"64":{"start":{"line":197,"column":4},"end":{"line":285,"column":5}},"65":{"start":{"line":199,"column":6},"end":{"line":215,"column":7}},"66":{"start":{"line":200,"column":8},"end":{"line":206,"column":11}},"67":{"start":{"line":207,"column":13},"end":{"line":215,"column":7}},"68":{"start":{"line":208,"column":8},"end":{"line":214,"column":11}},"69":{"start":{"line":218,"column":29},"end":{"line":218,"column":76}},"70":{"start":{"line":219,"column":6},"end":{"line":235,"column":7}},"71":{"start":{"line":220,"column":8},"end":{"line":226,"column":11}},"72":{"start":{"line":227,"column":13},"end":{"line":235,"column":7}},"73":{"start":{"line":228,"column":8},"end":{"line":234,"column":11}},"74":{"start":{"line":238,"column":26},"end":{"line":238,"column":101}},"75":{"start":{"line":239,"column":26},"end":{"line":239,"column":65}},"76":{"start":{"line":240,"column":30},"end":{"line":240,"column":77}},"77":{"start":{"line":242,"column":6},"end":{"line":258,"column":7}},"78":{"start":{"line":243,"column":8},"end":{"line":249,"column":11}},"79":{"start":{"line":250,"column":13},"end":{"line":258,"column":7}},"80":{"start":{"line":251,"column":8},"end":{"line":257,"column":11}},"81":{"start":{"line":261,"column":22},"end":{"line":261,"column":110}},"82":{"start":{"line":262,"column":6},"end":{"line":270,"column":7}},"83":{"start":{"line":263,"column":8},"end":{"line":269,"column":11}},"84":{"start":{"line":273,"column":6},"end":{"line":281,"column":7}},"85":{"start":{"line":274,"column":8},"end":{"line":280,"column":11}},"86":{"start":{"line":284,"column":6},"end":{"line":284,"column":64}},"87":{"start":{"line":287,"column":4},"end":{"line":287,"column":39}},"88":{"start":{"line":291,"column":19},"end":{"line":316,"column":21}},"89":{"start":{"line":292,"column":4},"end":{"line":298,"column":5}},"90":{"start":{"line":293,"column":6},"end":{"line":297,"column":8}},"91":{"start":{"line":300,"column":24},"end":{"line":300,"column":63}},"92":{"start":{"line":301,"column":27},"end":{"line":301,"column":74}},"93":{"start":{"line":302,"column":21},"end":{"line":302,"column":82}},"94":{"start":{"line":302,"column":44},"end":{"line":302,"column":81}},"95":{"start":{"line":303,"column":23},"end":{"line":303,"column":84}},"96":{"start":{"line":303,"column":53},"end":{"line":303,"column":62}},"97":{"start":{"line":304,"column":26},"end":{"line":304,"column":97}},"98":{"start":{"line":306,"column":26},"end":{"line":306,"column":72}},"99":{"start":{"line":307,"column":19},"end":{"line":307,"column":79}},"100":{"start":{"line":307,"column":42},"end":{"line":307,"column":78}},"101":{"start":{"line":308,"column":22},"end":{"line":308,"column":79}},"102":{"start":{"line":308,"column":50},"end":{"line":308,"column":59}},"103":{"start":{"line":309,"column":24},"end":{"line":309,"column":91}},"104":{"start":{"line":311,"column":4},"end":{"line":315,"column":6}},"105":{"start":{"line":319,"column":29},"end":{"line":333,"column":3}},"106":{"start":{"line":320,"column":4},"end":{"line":320,"column":63}},"107":{"start":{"line":320,"column":53},"end":{"line":320,"column":63}},"108":{"start":{"line":322,"column":4},"end":{"line":332,"column":9}},"109":{"start":{"line":323,"column":22},"end":{"line":323,"column":52}},"110":{"start":{"line":325,"column":8},"end":{"line":331,"column":9}},"111":{"start":{"line":327,"column":10},"end":{"line":327,"column":69}},"112":{"start":{"line":330,"column":10},"end":{"line":330,"column":71}},"113":{"start":{"line":336,"column":18},"end":{"line":454,"column":3}},"114":{"start":{"line":337,"column":4},"end":{"line":337,"column":27}},"115":{"start":{"line":337,"column":15},"end":{"line":337,"column":27}},"116":{"start":{"line":339,"column":20},"end":{"line":339,"column":64}},"117":{"start":{"line":342,"column":25},"end":{"line":342,"column":28}},"118":{"start":{"line":343,"column":26},"end":{"line":343,"column":29}},"119":{"start":{"line":344,"column":26},"end":{"line":344,"column":43}},"120":{"start":{"line":345,"column":27},"end":{"line":345,"column":45}},"121":{"start":{"line":347,"column":15},"end":{"line":347,"column":30}},"122":{"start":{"line":348,"column":14},"end":{"line":348,"column":44}},"123":{"start":{"line":351,"column":4},"end":{"line":353,"column":5}},"124":{"start":{"line":352,"column":6},"end":{"line":352,"column":44}},"125":{"start":{"line":354,"column":4},"end":{"line":358,"column":5}},"126":{"start":{"line":355,"column":6},"end":{"line":355,"column":15}},"127":{"start":{"line":356,"column":11},"end":{"line":358,"column":5}},"128":{"start":{"line":357,"column":6},"end":{"line":357,"column":48}},"129":{"start":{"line":360,"column":4},"end":{"line":453,"column":6}},"130":{"start":{"line":390,"column":12},"end":{"line":400,"column":13}},"131":{"start":{"line":392,"column":14},"end":{"line":392,"column":79}},"132":{"start":{"line":392,"column":54},"end":{"line":392,"column":76}},"133":{"start":{"line":393,"column":14},"end":{"line":393,"column":57}},"134":{"start":{"line":394,"column":14},"end":{"line":394,"column":76}},"135":{"start":{"line":397,"column":14},"end":{"line":397,"column":80}},"136":{"start":{"line":397,"column":54},"end":{"line":397,"column":77}},"137":{"start":{"line":398,"column":14},"end":{"line":398,"column":58}},"138":{"start":{"line":399,"column":14},"end":{"line":399,"column":76}},"139":{"start":{"line":402,"column":12},"end":{"line":431,"column":14}},"140":{"start":{"line":456,"column":21},"end":{"line":509,"column":3}},"141":{"start":{"line":457,"column":25},"end":{"line":478,"column":5}},"142":{"start":{"line":480,"column":19},"end":{"line":480,"column":59}},"143":{"start":{"line":482,"column":4},"end":{"line":508,"column":6}},"144":{"start":{"line":511,"column":25},"end":{"line":516,"column":3}},"145":{"start":{"line":512,"column":4},"end":{"line":515,"column":10}},"146":{"start":{"line":518,"column":25},"end":{"line":774,"column":3}},"147":{"start":{"line":519,"column":4},"end":{"line":525,"column":5}},"148":{"start":{"line":520,"column":6},"end":{"line":524,"column":8}},"149":{"start":{"line":527,"column":19},"end":{"line":527,"column":57}},"150":{"start":{"line":527,"column":33},"end":{"line":527,"column":56}},"151":{"start":{"line":530,"column":24},"end":{"line":530,"column":55}},"152":{"start":{"line":530,"column":45},"end":{"line":530,"column":54}},"153":{"start":{"line":532,"column":4},"end":{"line":538,"column":5}},"154":{"start":{"line":533,"column":6},"end":{"line":537,"column":8}},"155":{"start":{"line":540,"column":23},"end":{"line":540,"column":78}},"156":{"start":{"line":541,"column":21},"end":{"line":541,"column":58}},"157":{"start":{"line":544,"column":4},"end":{"line":773,"column":6}},"158":{"start":{"line":551,"column":33},"end":{"line":551,"column":38}},"159":{"start":{"line":552,"column":14},"end":{"line":576,"column":15}},"160":{"start":{"line":554,"column":16},"end":{"line":554,"column":95}},"161":{"start":{"line":555,"column":16},"end":{"line":559,"column":18}},"162":{"start":{"line":560,"column":21},"end":{"line":576,"column":15}},"163":{"start":{"line":562,"column":16},"end":{"line":562,"column":49}},"164":{"start":{"line":563,"column":16},"end":{"line":567,"column":18}},"165":{"start":{"line":570,"column":16},"end":{"line":570,"column":59}},"166":{"start":{"line":571,"column":16},"end":{"line":575,"column":18}},"167":{"start":{"line":618,"column":30},"end":{"line":618,"column":56}},"168":{"start":{"line":619,"column":31},"end":{"line":619,"column":74}},"169":{"start":{"line":620,"column":42},"end":{"line":620,"column":70}},"170":{"start":{"line":624,"column":16},"end":{"line":709,"column":17}},"171":{"start":{"line":625,"column":37},"end":{"line":625,"column":98}},"172":{"start":{"line":625,"column":86},"end":{"line":625,"column":97}},"173":{"start":{"line":627,"column":18},"end":{"line":708,"column":20}},"174":{"start":{"line":650,"column":49},"end":{"line":650,"column":54}},"175":{"start":{"line":651,"column":50},"end":{"line":651,"column":87}},"176":{"start":{"line":652,"column":50},"end":{"line":652,"column":76}},"177":{"start":{"line":655,"column":28},"end":{"line":696,"column":30}},"178":{"start":{"line":667,"column":34},"end":{"line":667,"column":54}},"179":{"start":{"line":668,"column":47},"end":{"line":668,"column":86}},"180":{"start":{"line":669,"column":34},"end":{"line":672,"column":37}},"181":{"start":{"line":673,"column":34},"end":{"line":678,"column":37}},"182":{"start":{"line":681,"column":34},"end":{"line":681,"column":55}},"183":{"start":{"line":682,"column":34},"end":{"line":682,"column":58}},"184":{"start":{"line":683,"column":34},"end":{"line":683,"column":69}},"185":{"start":{"line":712,"column":31},"end":{"line":712,"column":36}},"186":{"start":{"line":713,"column":16},"end":{"line":721,"column":17}},"187":{"start":{"line":714,"column":18},"end":{"line":720,"column":19}},"188":{"start":{"line":715,"column":20},"end":{"line":715,"column":41}},"189":{"start":{"line":716,"column":25},"end":{"line":720,"column":19}},"190":{"start":{"line":717,"column":20},"end":{"line":717,"column":41}},"191":{"start":{"line":719,"column":20},"end":{"line":719,"column":41}},"192":{"start":{"line":723,"column":16},"end":{"line":756,"column":18}},"193":{"start":{"line":766,"column":14},"end":{"line":768,"column":21}},"194":{"start":{"line":776,"column":2},"end":{"line":785,"column":3}},"195":{"start":{"line":777,"column":4},"end":{"line":784,"column":6}},"196":{"start":{"line":787,"column":2},"end":{"line":800,"column":3}},"197":{"start":{"line":788,"column":4},"end":{"line":799,"column":6}},"198":{"start":{"line":802,"column":2},"end":{"line":897,"column":4}},"199":{"start":{"line":823,"column":36},"end":{"line":823,"column":71}},"200":{"start":{"line":825,"column":22},"end":{"line":838,"column":24}},"201":{"start":{"line":863,"column":36},"end":{"line":863,"column":73}},"202":{"start":{"line":865,"column":22},"end":{"line":878,"column":24}}},"fnMap":{"0":{"name":"(anonymous_0)","decl":{"start":{"line":20,"column":24},"end":{"line":20,"column":25}},"loc":{"start":{"line":30,"column":6},"end":{"line":898,"column":1}},"line":30},"1":{"name":"(anonymous_1)","decl":{"start":{"line":50,"column":39},"end":{"line":50,"column":40}},"loc":{"start":{"line":50,"column":57},"end":{"line":59,"column":3}},"line":50},"2":{"name":"(anonymous_2)","decl":{"start":{"line":54,"column":12},"end":{"line":54,"column":13}},"loc":{"start":{"line":54,"column":22},"end":{"line":54,"column":57}},"line":54},"3":{"name":"(anonymous_3)","decl":{"start":{"line":55,"column":11},"end":{"line":55,"column":12}},"loc":{"start":{"line":55,"column":18},"end":{"line":55,"column":30}},"line":55},"4":{"name":"(anonymous_4)","decl":{"start":{"line":63,"column":12},"end":{"line":63,"column":13}},"loc":{"start":{"line":63,"column":18},"end":{"line":96,"column":3}},"line":63},"5":{"name":"(anonymous_5)","decl":{"start":{"line":69,"column":61},"end":{"line":69,"column":62}},"loc":{"start":{"line":69,"column":72},"end":{"line":82,"column":9}},"line":69},"6":{"name":"(anonymous_6)","decl":{"start":{"line":99,"column":28},"end":{"line":99,"column":29}},"loc":{"start":{"line":99,"column":34},"end":{"line":179,"column":3}},"line":99},"7":{"name":"(anonymous_7)","decl":{"start":{"line":104,"column":23},"end":{"line":104,"column":24}},"loc":{"start":{"line":104,"column":36},"end":{"line":119,"column":5}},"line":104},"8":{"name":"(anonymous_8)","decl":{"start":{"line":122,"column":40},"end":{"line":122,"column":41}},"loc":{"start":{"line":122,"column":48},"end":{"line":139,"column":5}},"line":122},"9":{"name":"(anonymous_9)","decl":{"start":{"line":128,"column":40},"end":{"line":128,"column":41}},"loc":{"start":{"line":128,"column":47},"end":{"line":130,"column":9}},"line":128},"10":{"name":"(anonymous_10)","decl":{"start":{"line":142,"column":45},"end":{"line":142,"column":46}},"loc":{"start":{"line":142,"column":53},"end":{"line":159,"column":5}},"line":142},"11":{"name":"(anonymous_11)","decl":{"start":{"line":148,"column":40},"end":{"line":148,"column":41}},"loc":{"start":{"line":148,"column":47},"end":{"line":150,"column":9}},"line":148},"12":{"name":"(anonymous_12)","decl":{"start":{"line":162,"column":44},"end":{"line":162,"column":45}},"loc":{"start":{"line":162,"column":52},"end":{"line":176,"column":5}},"line":162},"13":{"name":"(anonymous_13)","decl":{"start":{"line":167,"column":40},"end":{"line":167,"column":41}},"loc":{"start":{"line":167,"column":55},"end":{"line":167,"column":89}},"line":167},"14":{"name":"(anonymous_14)","decl":{"start":{"line":182,"column":12},"end":{"line":182,"column":13}},"loc":{"start":{"line":182,"column":18},"end":{"line":186,"column":3}},"line":182},"15":{"name":"(anonymous_15)","decl":{"start":{"line":192,"column":34},"end":{"line":192,"column":35}},"loc":{"start":{"line":192,"column":72},"end":{"line":288,"column":3}},"line":192},"16":{"name":"(anonymous_16)","decl":{"start":{"line":291,"column":27},"end":{"line":291,"column":28}},"loc":{"start":{"line":291,"column":33},"end":{"line":316,"column":3}},"line":291},"17":{"name":"(anonymous_17)","decl":{"start":{"line":302,"column":39},"end":{"line":302,"column":40}},"loc":{"start":{"line":302,"column":44},"end":{"line":302,"column":81}},"line":302},"18":{"name":"(anonymous_18)","decl":{"start":{"line":303,"column":39},"end":{"line":303,"column":40}},"loc":{"start":{"line":303,"column":53},"end":{"line":303,"column":62}},"line":303},"19":{"name":"(anonymous_19)","decl":{"start":{"line":307,"column":37},"end":{"line":307,"column":38}},"loc":{"start":{"line":307,"column":42},"end":{"line":307,"column":78}},"line":307},"20":{"name":"(anonymous_20)","decl":{"start":{"line":308,"column":36},"end":{"line":308,"column":37}},"loc":{"start":{"line":308,"column":50},"end":{"line":308,"column":59}},"line":308},"21":{"name":"(anonymous_21)","decl":{"start":{"line":319,"column":29},"end":{"line":319,"column":30}},"loc":{"start":{"line":319,"column":72},"end":{"line":333,"column":3}},"line":319},"22":{"name":"(anonymous_22)","decl":{"start":{"line":323,"column":14},"end":{"line":323,"column":15}},"loc":{"start":{"line":323,"column":22},"end":{"line":323,"column":52}},"line":323},"23":{"name":"(anonymous_23)","decl":{"start":{"line":324,"column":12},"end":{"line":324,"column":13}},"loc":{"start":{"line":324,"column":22},"end":{"line":332,"column":7}},"line":324},"24":{"name":"(anonymous_24)","decl":{"start":{"line":336,"column":18},"end":{"line":336,"column":19}},"loc":{"start":{"line":336,"column":42},"end":{"line":454,"column":3}},"line":336},"25":{"name":"(anonymous_25)","decl":{"start":{"line":386,"column":56},"end":{"line":386,"column":57}},"loc":{"start":{"line":386,"column":75},"end":{"line":432,"column":11}},"line":386},"26":{"name":"(anonymous_26)","decl":{"start":{"line":392,"column":49},"end":{"line":392,"column":50}},"loc":{"start":{"line":392,"column":54},"end":{"line":392,"column":76}},"line":392},"27":{"name":"(anonymous_27)","decl":{"start":{"line":397,"column":49},"end":{"line":397,"column":50}},"loc":{"start":{"line":397,"column":54},"end":{"line":397,"column":77}},"line":397},"28":{"name":"(anonymous_28)","decl":{"start":{"line":456,"column":21},"end":{"line":456,"column":22}},"loc":{"start":{"line":456,"column":88},"end":{"line":509,"column":3}},"line":456},"29":{"name":"(anonymous_29)","decl":{"start":{"line":511,"column":25},"end":{"line":511,"column":26}},"loc":{"start":{"line":512,"column":4},"end":{"line":515,"column":10}},"line":512},"30":{"name":"(anonymous_30)","decl":{"start":{"line":518,"column":25},"end":{"line":518,"column":26}},"loc":{"start":{"line":518,"column":129},"end":{"line":774,"column":3}},"line":518},"31":{"name":"(anonymous_31)","decl":{"start":{"line":527,"column":28},"end":{"line":527,"column":29}},"loc":{"start":{"line":527,"column":33},"end":{"line":527,"column":56}},"line":527},"32":{"name":"(anonymous_32)","decl":{"start":{"line":530,"column":36},"end":{"line":530,"column":37}},"loc":{"start":{"line":530,"column":45},"end":{"line":530,"column":54}},"line":530},"33":{"name":"(anonymous_33)","decl":{"start":{"line":549,"column":81},"end":{"line":549,"column":82}},"loc":{"start":{"line":549,"column":99},"end":{"line":577,"column":13}},"line":549},"34":{"name":"(anonymous_34)","decl":{"start":{"line":617,"column":24},"end":{"line":617,"column":25}},"loc":{"start":{"line":617,"column":41},"end":{"line":757,"column":15}},"line":617},"35":{"name":"(anonymous_35)","decl":{"start":{"line":625,"column":76},"end":{"line":625,"column":77}},"loc":{"start":{"line":625,"column":86},"end":{"line":625,"column":97}},"line":625},"36":{"name":"(anonymous_36)","decl":{"start":{"line":649,"column":42},"end":{"line":649,"column":43}},"loc":{"start":{"line":649,"column":75},"end":{"line":697,"column":27}},"line":649},"37":{"name":"(anonymous_37)","decl":{"start":{"line":666,"column":46},"end":{"line":666,"column":47}},"loc":{"start":{"line":666,"column":53},"end":{"line":679,"column":33}},"line":666},"38":{"name":"(anonymous_38)","decl":{"start":{"line":680,"column":46},"end":{"line":680,"column":47}},"loc":{"start":{"line":680,"column":52},"end":{"line":684,"column":33}},"line":680},"39":{"name":"(anonymous_39)","decl":{"start":{"line":765,"column":22},"end":{"line":765,"column":23}},"loc":{"start":{"line":766,"column":14},"end":{"line":768,"column":21}},"line":766},"40":{"name":"(anonymous_40)","decl":{"start":{"line":823,"column":26},"end":{"line":823,"column":27}},"loc":{"start":{"line":823,"column":36},"end":{"line":823,"column":71}},"line":823},"41":{"name":"(anonymous_41)","decl":{"start":{"line":824,"column":25},"end":{"line":824,"column":26}},"loc":{"start":{"line":824,"column":46},"end":{"line":839,"column":21}},"line":824},"42":{"name":"(anonymous_42)","decl":{"start":{"line":863,"column":26},"end":{"line":863,"column":27}},"loc":{"start":{"line":863,"column":36},"end":{"line":863,"column":73}},"line":863},"43":{"name":"(anonymous_43)","decl":{"start":{"line":864,"column":25},"end":{"line":864,"column":26}},"loc":{"start":{"line":864,"column":46},"end":{"line":879,"column":21}},"line":864}},"branchMap":{"0":{"loc":{"start":{"line":51,"column":4},"end":{"line":51,"column":69}},"type":"if","locations":[{"start":{"line":51,"column":4},"end":{"line":51,"column":69}},{"start":{},"end":{}}],"line":51},"1":{"loc":{"start":{"line":54,"column":23},"end":{"line":54,"column":37}},"type":"binary-expr","locations":[{"start":{"line":54,"column":23},"end":{"line":54,"column":32}},{"start":{"line":54,"column":36},"end":{"line":54,"column":37}}],"line":54},"2":{"loc":{"start":{"line":54,"column":42},"end":{"line":54,"column":56}},"type":"binary-expr","locations":[{"start":{"line":54,"column":42},"end":{"line":54,"column":51}},{"start":{"line":54,"column":55},"end":{"line":54,"column":56}}],"line":54},"3":{"loc":{"start":{"line":58,"column":26},"end":{"line":58,"column":88}},"type":"cond-expr","locations":[{"start":{"line":58,"column":47},"end":{"line":58,"column":84}},{"start":{"line":58,"column":87},"end":{"line":58,"column":88}}],"line":58},"4":{"loc":{"start":{"line":64,"column":4},"end":{"line":95,"column":5}},"type":"if","locations":[{"start":{"line":64,"column":4},"end":{"line":95,"column":5}},{"start":{},"end":{}}],"line":64},"5":{"loc":{"start":{"line":67,"column":6},"end":{"line":93,"column":7}},"type":"if","locations":[{"start":{"line":67,"column":6},"end":{"line":93,"column":7}},{"start":{"line":85,"column":13},"end":{"line":93,"column":7}}],"line":67},"6":{"loc":{"start":{"line":67,"column":10},"end":{"line":67,"column":122}},"type":"binary-expr","locations":[{"start":{"line":67,"column":10},"end":{"line":67,"column":36}},{"start":{"line":67,"column":40},"end":{"line":67,"column":81}},{"start":{"line":67,"column":85},"end":{"line":67,"column":122}}],"line":67},"7":{"loc":{"start":{"line":74,"column":29},"end":{"line":74,"column":49}},"type":"binary-expr","locations":[{"start":{"line":74,"column":29},"end":{"line":74,"column":44}},{"start":{"line":74,"column":48},"end":{"line":74,"column":49}}],"line":74},"8":{"loc":{"start":{"line":75,"column":28},"end":{"line":75,"column":47}},"type":"binary-expr","locations":[{"start":{"line":75,"column":28},"end":{"line":75,"column":42}},{"start":{"line":75,"column":46},"end":{"line":75,"column":47}}],"line":75},"9":{"loc":{"start":{"line":76,"column":27},"end":{"line":76,"column":45}},"type":"binary-expr","locations":[{"start":{"line":76,"column":27},"end":{"line":76,"column":40}},{"start":{"line":76,"column":44},"end":{"line":76,"column":45}}],"line":76},"10":{"loc":{"start":{"line":79,"column":32},"end":{"line":79,"column":64}},"type":"binary-expr","locations":[{"start":{"line":79,"column":32},"end":{"line":79,"column":58}},{"start":{"line":79,"column":62},"end":{"line":79,"column":64}}],"line":79},"11":{"loc":{"start":{"line":80,"column":24},"end":{"line":80,"column":54}},"type":"binary-expr","locations":[{"start":{"line":80,"column":24},"end":{"line":80,"column":48}},{"start":{"line":80,"column":52},"end":{"line":80,"column":54}}],"line":80},"12":{"loc":{"start":{"line":89,"column":19},"end":{"line":89,"column":46}},"type":"binary-expr","locations":[{"start":{"line":89,"column":19},"end":{"line":89,"column":40}},{"start":{"line":89,"column":44},"end":{"line":89,"column":46}}],"line":89},"13":{"loc":{"start":{"line":90,"column":22},"end":{"line":90,"column":52}},"type":"binary-expr","locations":[{"start":{"line":90,"column":22},"end":{"line":90,"column":46}},{"start":{"line":90,"column":50},"end":{"line":90,"column":52}}],"line":90},"14":{"loc":{"start":{"line":91,"column":30},"end":{"line":91,"column":68}},"type":"binary-expr","locations":[{"start":{"line":91,"column":30},"end":{"line":91,"column":62}},{"start":{"line":91,"column":66},"end":{"line":91,"column":68}}],"line":91},"15":{"loc":{"start":{"line":100,"column":4},"end":{"line":102,"column":5}},"type":"if","locations":[{"start":{"line":100,"column":4},"end":{"line":102,"column":5}},{"start":{},"end":{}}],"line":100},"16":{"loc":{"start":{"line":100,"column":8},"end":{"line":100,"column":52}},"type":"binary-expr","locations":[{"start":{"line":100,"column":8},"end":{"line":100,"column":22}},{"start":{"line":100,"column":26},"end":{"line":100,"column":52}}],"line":100},"17":{"loc":{"start":{"line":106,"column":8},"end":{"line":106,"column":35}},"type":"if","locations":[{"start":{"line":106,"column":8},"end":{"line":106,"column":35}},{"start":{},"end":{}}],"line":106},"18":{"loc":{"start":{"line":117,"column":15},"end":{"line":117,"column":31}},"type":"binary-expr","locations":[{"start":{"line":117,"column":15},"end":{"line":117,"column":22}},{"start":{"line":117,"column":26},"end":{"line":117,"column":31}}],"line":117},"19":{"loc":{"start":{"line":123,"column":29},"end":{"line":123,"column":61}},"type":"binary-expr","locations":[{"start":{"line":123,"column":29},"end":{"line":123,"column":56}},{"start":{"line":123,"column":60},"end":{"line":123,"column":61}}],"line":123},"20":{"loc":{"start":{"line":127,"column":6},"end":{"line":131,"column":7}},"type":"if","locations":[{"start":{"line":127,"column":6},"end":{"line":131,"column":7}},{"start":{},"end":{}}],"line":127},"21":{"loc":{"start":{"line":127,"column":10},"end":{"line":127,"column":86}},"type":"binary-expr","locations":[{"start":{"line":127,"column":10},"end":{"line":127,"column":48}},{"start":{"line":127,"column":52},"end":{"line":127,"column":86}}],"line":127},"22":{"loc":{"start":{"line":129,"column":28},"end":{"line":129,"column":59}},"type":"binary-expr","locations":[{"start":{"line":129,"column":28},"end":{"line":129,"column":40}},{"start":{"line":129,"column":44},"end":{"line":129,"column":59}}],"line":129},"23":{"loc":{"start":{"line":129,"column":63},"end":{"line":129,"column":79}},"type":"binary-expr","locations":[{"start":{"line":129,"column":63},"end":{"line":129,"column":74}},{"start":{"line":129,"column":78},"end":{"line":129,"column":79}}],"line":129},"24":{"loc":{"start":{"line":135,"column":25},"end":{"line":135,"column":50}},"type":"binary-expr","locations":[{"start":{"line":135,"column":25},"end":{"line":135,"column":34}},{"start":{"line":135,"column":38},"end":{"line":135,"column":50}}],"line":135},"25":{"loc":{"start":{"line":143,"column":32},"end":{"line":143,"column":62}},"type":"binary-expr","locations":[{"start":{"line":143,"column":32},"end":{"line":143,"column":57}},{"start":{"line":143,"column":61},"end":{"line":143,"column":62}}],"line":143},"26":{"loc":{"start":{"line":147,"column":6},"end":{"line":151,"column":7}},"type":"if","locations":[{"start":{"line":147,"column":6},"end":{"line":151,"column":7}},{"start":{},"end":{}}],"line":147},"27":{"loc":{"start":{"line":147,"column":10},"end":{"line":147,"column":86}},"type":"binary-expr","locations":[{"start":{"line":147,"column":10},"end":{"line":147,"column":48}},{"start":{"line":147,"column":52},"end":{"line":147,"column":86}}],"line":147},"28":{"loc":{"start":{"line":149,"column":28},"end":{"line":149,"column":59}},"type":"binary-expr","locations":[{"start":{"line":149,"column":28},"end":{"line":149,"column":40}},{"start":{"line":149,"column":44},"end":{"line":149,"column":59}}],"line":149},"29":{"loc":{"start":{"line":149,"column":63},"end":{"line":149,"column":80}},"type":"binary-expr","locations":[{"start":{"line":149,"column":63},"end":{"line":149,"column":75}},{"start":{"line":149,"column":79},"end":{"line":149,"column":80}}],"line":149},"30":{"loc":{"start":{"line":155,"column":25},"end":{"line":155,"column":50}},"type":"binary-expr","locations":[{"start":{"line":155,"column":25},"end":{"line":155,"column":34}},{"start":{"line":155,"column":38},"end":{"line":155,"column":50}}],"line":155},"31":{"loc":{"start":{"line":163,"column":33},"end":{"line":163,"column":64}},"type":"binary-expr","locations":[{"start":{"line":163,"column":33},"end":{"line":163,"column":59}},{"start":{"line":163,"column":63},"end":{"line":163,"column":64}}],"line":163},"32":{"loc":{"start":{"line":164,"column":21},"end":{"line":164,"column":74}},"type":"cond-expr","locations":[{"start":{"line":164,"column":54},"end":{"line":164,"column":69}},{"start":{"line":164,"column":72},"end":{"line":164,"column":74}}],"line":164},"33":{"loc":{"start":{"line":167,"column":62},"end":{"line":167,"column":88}},"type":"binary-expr","locations":[{"start":{"line":167,"column":62},"end":{"line":167,"column":83}},{"start":{"line":167,"column":87},"end":{"line":167,"column":88}}],"line":167},"34":{"loc":{"start":{"line":170,"column":29},"end":{"line":170,"column":76}},"type":"cond-expr","locations":[{"start":{"line":170,"column":47},"end":{"line":170,"column":72}},{"start":{"line":170,"column":75},"end":{"line":170,"column":76}}],"line":170},"35":{"loc":{"start":{"line":173,"column":25},"end":{"line":173,"column":50}},"type":"binary-expr","locations":[{"start":{"line":173,"column":25},"end":{"line":173,"column":34}},{"start":{"line":173,"column":38},"end":{"line":173,"column":50}}],"line":173},"36":{"loc":{"start":{"line":193,"column":4},"end":{"line":193,"column":42}},"type":"if","locations":[{"start":{"line":193,"column":4},"end":{"line":193,"column":42}},{"start":{},"end":{}}],"line":193},"37":{"loc":{"start":{"line":193,"column":8},"end":{"line":193,"column":30}},"type":"binary-expr","locations":[{"start":{"line":193,"column":8},"end":{"line":193,"column":13}},{"start":{"line":193,"column":17},"end":{"line":193,"column":30}}],"line":193},"38":{"loc":{"start":{"line":199,"column":6},"end":{"line":215,"column":7}},"type":"if","locations":[{"start":{"line":199,"column":6},"end":{"line":215,"column":7}},{"start":{"line":207,"column":13},"end":{"line":215,"column":7}}],"line":199},"39":{"loc":{"start":{"line":207,"column":13},"end":{"line":215,"column":7}},"type":"if","locations":[{"start":{"line":207,"column":13},"end":{"line":215,"column":7}},{"start":{},"end":{}}],"line":207},"40":{"loc":{"start":{"line":218,"column":36},"end":{"line":218,"column":75}},"type":"binary-expr","locations":[{"start":{"line":218,"column":36},"end":{"line":218,"column":70}},{"start":{"line":218,"column":74},"end":{"line":218,"column":75}}],"line":218},"41":{"loc":{"start":{"line":219,"column":6},"end":{"line":235,"column":7}},"type":"if","locations":[{"start":{"line":219,"column":6},"end":{"line":235,"column":7}},{"start":{"line":227,"column":13},"end":{"line":235,"column":7}}],"line":219},"42":{"loc":{"start":{"line":227,"column":13},"end":{"line":235,"column":7}},"type":"if","locations":[{"start":{"line":227,"column":13},"end":{"line":235,"column":7}},{"start":{},"end":{}}],"line":227},"43":{"loc":{"start":{"line":227,"column":17},"end":{"line":227,"column":58}},"type":"binary-expr","locations":[{"start":{"line":227,"column":17},"end":{"line":227,"column":35}},{"start":{"line":227,"column":39},"end":{"line":227,"column":58}}],"line":227},"44":{"loc":{"start":{"line":238,"column":26},"end":{"line":238,"column":101}},"type":"cond-expr","locations":[{"start":{"line":238,"column":67},"end":{"line":238,"column":97}},{"start":{"line":238,"column":100},"end":{"line":238,"column":101}}],"line":238},"45":{"loc":{"start":{"line":239,"column":33},"end":{"line":239,"column":64}},"type":"binary-expr","locations":[{"start":{"line":239,"column":33},"end":{"line":239,"column":59}},{"start":{"line":239,"column":63},"end":{"line":239,"column":64}}],"line":239},"46":{"loc":{"start":{"line":240,"column":30},"end":{"line":240,"column":77}},"type":"cond-expr","locations":[{"start":{"line":240,"column":48},"end":{"line":240,"column":73}},{"start":{"line":240,"column":76},"end":{"line":240,"column":77}}],"line":240},"47":{"loc":{"start":{"line":242,"column":6},"end":{"line":258,"column":7}},"type":"if","locations":[{"start":{"line":242,"column":6},"end":{"line":258,"column":7}},{"start":{"line":250,"column":13},"end":{"line":258,"column":7}}],"line":242},"48":{"loc":{"start":{"line":250,"column":13},"end":{"line":258,"column":7}},"type":"if","locations":[{"start":{"line":250,"column":13},"end":{"line":258,"column":7}},{"start":{},"end":{}}],"line":250},"49":{"loc":{"start":{"line":250,"column":17},"end":{"line":250,"column":59}},"type":"binary-expr","locations":[{"start":{"line":250,"column":17},"end":{"line":250,"column":36}},{"start":{"line":250,"column":40},"end":{"line":250,"column":59}}],"line":250},"50":{"loc":{"start":{"line":261,"column":22},"end":{"line":261,"column":110}},"type":"cond-expr","locations":[{"start":{"line":261,"column":85},"end":{"line":261,"column":103}},{"start":{"line":261,"column":106},"end":{"line":261,"column":110}}],"line":261},"51":{"loc":{"start":{"line":261,"column":22},"end":{"line":261,"column":82}},"type":"binary-expr","locations":[{"start":{"line":261,"column":22},"end":{"line":261,"column":52}},{"start":{"line":261,"column":56},"end":{"line":261,"column":82}}],"line":261},"52":{"loc":{"start":{"line":262,"column":6},"end":{"line":270,"column":7}},"type":"if","locations":[{"start":{"line":262,"column":6},"end":{"line":270,"column":7}},{"start":{},"end":{}}],"line":262},"53":{"loc":{"start":{"line":262,"column":10},"end":{"line":262,"column":55}},"type":"binary-expr","locations":[{"start":{"line":262,"column":10},"end":{"line":262,"column":17}},{"start":{"line":262,"column":21},"end":{"line":262,"column":55}}],"line":262},"54":{"loc":{"start":{"line":262,"column":28},"end":{"line":262,"column":49}},"type":"binary-expr","locations":[{"start":{"line":262,"column":28},"end":{"line":262,"column":44}},{"start":{"line":262,"column":48},"end":{"line":262,"column":49}}],"line":262},"55":{"loc":{"start":{"line":273,"column":6},"end":{"line":281,"column":7}},"type":"if","locations":[{"start":{"line":273,"column":6},"end":{"line":281,"column":7}},{"start":{},"end":{}}],"line":273},"56":{"loc":{"start":{"line":273,"column":10},"end":{"line":273,"column":57}},"type":"binary-expr","locations":[{"start":{"line":273,"column":10},"end":{"line":273,"column":25}},{"start":{"line":273,"column":29},"end":{"line":273,"column":57}}],"line":273},"57":{"loc":{"start":{"line":292,"column":4},"end":{"line":298,"column":5}},"type":"if","locations":[{"start":{"line":292,"column":4},"end":{"line":298,"column":5}},{"start":{},"end":{}}],"line":292},"58":{"loc":{"start":{"line":292,"column":8},"end":{"line":292,"column":52}},"type":"binary-expr","locations":[{"start":{"line":292,"column":8},"end":{"line":292,"column":22}},{"start":{"line":292,"column":26},"end":{"line":292,"column":52}}],"line":292},"59":{"loc":{"start":{"line":301,"column":34},"end":{"line":301,"column":73}},"type":"binary-expr","locations":[{"start":{"line":301,"column":34},"end":{"line":301,"column":68}},{"start":{"line":301,"column":72},"end":{"line":301,"column":73}}],"line":301},"60":{"loc":{"start":{"line":302,"column":51},"end":{"line":302,"column":80}},"type":"binary-expr","locations":[{"start":{"line":302,"column":51},"end":{"line":302,"column":75}},{"start":{"line":302,"column":79},"end":{"line":302,"column":80}}],"line":302},"61":{"loc":{"start":{"line":304,"column":26},"end":{"line":304,"column":97}},"type":"cond-expr","locations":[{"start":{"line":304,"column":44},"end":{"line":304,"column":92}},{"start":{"line":304,"column":96},"end":{"line":304,"column":97}}],"line":304},"62":{"loc":{"start":{"line":306,"column":33},"end":{"line":306,"column":71}},"type":"binary-expr","locations":[{"start":{"line":306,"column":33},"end":{"line":306,"column":66}},{"start":{"line":306,"column":70},"end":{"line":306,"column":71}}],"line":306},"63":{"loc":{"start":{"line":307,"column":49},"end":{"line":307,"column":77}},"type":"binary-expr","locations":[{"start":{"line":307,"column":49},"end":{"line":307,"column":72}},{"start":{"line":307,"column":76},"end":{"line":307,"column":77}}],"line":307},"64":{"loc":{"start":{"line":309,"column":24},"end":{"line":309,"column":91}},"type":"cond-expr","locations":[{"start":{"line":309,"column":41},"end":{"line":309,"column":86}},{"start":{"line":309,"column":90},"end":{"line":309,"column":91}}],"line":309},"65":{"loc":{"start":{"line":312,"column":21},"end":{"line":312,"column":61}},"type":"cond-expr","locations":[{"start":{"line":312,"column":44},"end":{"line":312,"column":45}},{"start":{"line":312,"column":48},"end":{"line":312,"column":61}}],"line":312},"66":{"loc":{"start":{"line":313,"column":19},"end":{"line":313,"column":55}},"type":"cond-expr","locations":[{"start":{"line":313,"column":40},"end":{"line":313,"column":41}},{"start":{"line":313,"column":44},"end":{"line":313,"column":55}}],"line":313},"67":{"loc":{"start":{"line":319,"column":44},"end":{"line":319,"column":67}},"type":"default-arg","locations":[{"start":{"line":319,"column":55},"end":{"line":319,"column":67}}],"line":319},"68":{"loc":{"start":{"line":320,"column":4},"end":{"line":320,"column":63}},"type":"if","locations":[{"start":{"line":320,"column":4},"end":{"line":320,"column":63}},{"start":{},"end":{}}],"line":320},"69":{"loc":{"start":{"line":320,"column":8},"end":{"line":320,"column":51}},"type":"binary-expr","locations":[{"start":{"line":320,"column":8},"end":{"line":320,"column":22}},{"start":{"line":320,"column":26},"end":{"line":320,"column":51}}],"line":320},"70":{"loc":{"start":{"line":325,"column":8},"end":{"line":331,"column":9}},"type":"if","locations":[{"start":{"line":325,"column":8},"end":{"line":331,"column":9}},{"start":{"line":328,"column":15},"end":{"line":331,"column":9}}],"line":325},"71":{"loc":{"start":{"line":327,"column":25},"end":{"line":327,"column":39}},"type":"binary-expr","locations":[{"start":{"line":327,"column":25},"end":{"line":327,"column":34}},{"start":{"line":327,"column":38},"end":{"line":327,"column":39}}],"line":327},"72":{"loc":{"start":{"line":327,"column":52},"end":{"line":327,"column":66}},"type":"binary-expr","locations":[{"start":{"line":327,"column":52},"end":{"line":327,"column":61}},{"start":{"line":327,"column":65},"end":{"line":327,"column":66}}],"line":327},"73":{"loc":{"start":{"line":330,"column":25},"end":{"line":330,"column":40}},"type":"binary-expr","locations":[{"start":{"line":330,"column":25},"end":{"line":330,"column":35}},{"start":{"line":330,"column":39},"end":{"line":330,"column":40}}],"line":330},"74":{"loc":{"start":{"line":330,"column":53},"end":{"line":330,"column":68}},"type":"binary-expr","locations":[{"start":{"line":330,"column":53},"end":{"line":330,"column":63}},{"start":{"line":330,"column":67},"end":{"line":330,"column":68}}],"line":330},"75":{"loc":{"start":{"line":337,"column":4},"end":{"line":337,"column":27}},"type":"if","locations":[{"start":{"line":337,"column":4},"end":{"line":337,"column":27}},{"start":{},"end":{}}],"line":337},"76":{"loc":{"start":{"line":351,"column":4},"end":{"line":353,"column":5}},"type":"if","locations":[{"start":{"line":351,"column":4},"end":{"line":353,"column":5}},{"start":{},"end":{}}],"line":351},"77":{"loc":{"start":{"line":354,"column":4},"end":{"line":358,"column":5}},"type":"if","locations":[{"start":{"line":354,"column":4},"end":{"line":358,"column":5}},{"start":{"line":356,"column":11},"end":{"line":358,"column":5}}],"line":354},"78":{"loc":{"start":{"line":356,"column":11},"end":{"line":358,"column":5}},"type":"if","locations":[{"start":{"line":356,"column":11},"end":{"line":358,"column":5}},{"start":{},"end":{}}],"line":356},"79":{"loc":{"start":{"line":378,"column":15},"end":{"line":378,"column":94}},"type":"cond-expr","locations":[{"start":{"line":378,"column":39},"end":{"line":378,"column":68}},{"start":{"line":378,"column":71},"end":{"line":378,"column":94}}],"line":378},"80":{"loc":{"start":{"line":386,"column":11},"end":{"line":444,"column":11}},"type":"cond-expr","locations":[{"start":{"line":386,"column":32},"end":{"line":432,"column":12}},{"start":{"line":433,"column":12},"end":{"line":443,"column":18}}],"line":386},"81":{"loc":{"start":{"line":390,"column":12},"end":{"line":400,"column":13}},"type":"if","locations":[{"start":{"line":390,"column":12},"end":{"line":400,"column":13}},{"start":{"line":395,"column":19},"end":{"line":400,"column":13}}],"line":390},"82":{"loc":{"start":{"line":392,"column":61},"end":{"line":392,"column":75}},"type":"binary-expr","locations":[{"start":{"line":392,"column":61},"end":{"line":392,"column":70}},{"start":{"line":392,"column":74},"end":{"line":392,"column":75}}],"line":392},"83":{"loc":{"start":{"line":393,"column":36},"end":{"line":393,"column":55}},"type":"binary-expr","locations":[{"start":{"line":393,"column":36},"end":{"line":393,"column":50}},{"start":{"line":393,"column":54},"end":{"line":393,"column":55}}],"line":393},"84":{"loc":{"start":{"line":394,"column":25},"end":{"line":394,"column":75}},"type":"cond-expr","locations":[{"start":{"line":394,"column":40},"end":{"line":394,"column":71}},{"start":{"line":394,"column":74},"end":{"line":394,"column":75}}],"line":394},"85":{"loc":{"start":{"line":397,"column":61},"end":{"line":397,"column":76}},"type":"binary-expr","locations":[{"start":{"line":397,"column":61},"end":{"line":397,"column":71}},{"start":{"line":397,"column":75},"end":{"line":397,"column":76}}],"line":397},"86":{"loc":{"start":{"line":398,"column":36},"end":{"line":398,"column":56}},"type":"binary-expr","locations":[{"start":{"line":398,"column":36},"end":{"line":398,"column":51}},{"start":{"line":398,"column":55},"end":{"line":398,"column":56}}],"line":398},"87":{"loc":{"start":{"line":399,"column":25},"end":{"line":399,"column":75}},"type":"cond-expr","locations":[{"start":{"line":399,"column":40},"end":{"line":399,"column":71}},{"start":{"line":399,"column":74},"end":{"line":399,"column":75}}],"line":399},"88":{"loc":{"start":{"line":424,"column":21},"end":{"line":426,"column":51}},"type":"cond-expr","locations":[{"start":{"line":425,"column":22},"end":{"line":425,"column":53}},{"start":{"line":426,"column":22},"end":{"line":426,"column":51}}],"line":424},"89":{"loc":{"start":{"line":435,"column":17},"end":{"line":437,"column":66}},"type":"cond-expr","locations":[{"start":{"line":436,"column":18},"end":{"line":436,"column":52}},{"start":{"line":437,"column":18},"end":{"line":437,"column":66}}],"line":435},"90":{"loc":{"start":{"line":441,"column":30},"end":{"line":441,"column":107}},"type":"cond-expr","locations":[{"start":{"line":441,"column":54},"end":{"line":441,"column":83}},{"start":{"line":441,"column":86},"end":{"line":441,"column":107}}],"line":441},"91":{"loc":{"start":{"line":446,"column":11},"end":{"line":450,"column":11}},"type":"binary-expr","locations":[{"start":{"line":446,"column":11},"end":{"line":446,"column":29}},{"start":{"line":447,"column":12},"end":{"line":449,"column":16}}],"line":446},"92":{"loc":{"start":{"line":456,"column":67},"end":{"line":456,"column":81}},"type":"default-arg","locations":[{"start":{"line":456,"column":75},"end":{"line":456,"column":81}}],"line":456},"93":{"loc":{"start":{"line":480,"column":19},"end":{"line":480,"column":59}},"type":"binary-expr","locations":[{"start":{"line":480,"column":19},"end":{"line":480,"column":38}},{"start":{"line":480,"column":42},"end":{"line":480,"column":59}}],"line":480},"94":{"loc":{"start":{"line":488,"column":13},"end":{"line":488,"column":76}},"type":"binary-expr","locations":[{"start":{"line":488,"column":13},"end":{"line":488,"column":21}},{"start":{"line":488,"column":25},"end":{"line":488,"column":76}}],"line":488},"95":{"loc":{"start":{"line":494,"column":9},"end":{"line":506,"column":9}},"type":"binary-expr","locations":[{"start":{"line":494,"column":9},"end":{"line":494,"column":28}},{"start":{"line":495,"column":10},"end":{"line":505,"column":16}}],"line":494},"96":{"loc":{"start":{"line":496,"column":13},"end":{"line":500,"column":13}},"type":"cond-expr","locations":[{"start":{"line":497,"column":14},"end":{"line":497,"column":68}},{"start":{"line":499,"column":14},"end":{"line":499,"column":68}}],"line":496},"97":{"loc":{"start":{"line":501,"column":52},"end":{"line":501,"column":98}},"type":"cond-expr","locations":[{"start":{"line":501,"column":65},"end":{"line":501,"column":81}},{"start":{"line":501,"column":84},"end":{"line":501,"column":98}}],"line":501},"98":{"loc":{"start":{"line":502,"column":15},"end":{"line":502,"column":36}},"type":"cond-expr","locations":[{"start":{"line":502,"column":28},"end":{"line":502,"column":31}},{"start":{"line":502,"column":34},"end":{"line":502,"column":36}}],"line":502},"99":{"loc":{"start":{"line":511,"column":45},"end":{"line":511,"column":59}},"type":"default-arg","locations":[{"start":{"line":511,"column":57},"end":{"line":511,"column":59}}],"line":511},"100":{"loc":{"start":{"line":518,"column":43},"end":{"line":518,"column":60}},"type":"default-arg","locations":[{"start":{"line":518,"column":51},"end":{"line":518,"column":60}}],"line":518},"101":{"loc":{"start":{"line":518,"column":62},"end":{"line":518,"column":78}},"type":"default-arg","locations":[{"start":{"line":518,"column":74},"end":{"line":518,"column":78}}],"line":518},"102":{"loc":{"start":{"line":518,"column":80},"end":{"line":518,"column":101}},"type":"default-arg","locations":[{"start":{"line":518,"column":92},"end":{"line":518,"column":101}}],"line":518},"103":{"loc":{"start":{"line":518,"column":103},"end":{"line":518,"column":122}},"type":"default-arg","locations":[{"start":{"line":518,"column":120},"end":{"line":518,"column":122}}],"line":518},"104":{"loc":{"start":{"line":519,"column":4},"end":{"line":525,"column":5}},"type":"if","locations":[{"start":{"line":519,"column":4},"end":{"line":525,"column":5}},{"start":{},"end":{}}],"line":519},"105":{"loc":{"start":{"line":519,"column":8},"end":{"line":519,"column":34}},"type":"binary-expr","locations":[{"start":{"line":519,"column":8},"end":{"line":519,"column":13}},{"start":{"line":519,"column":17},"end":{"line":519,"column":34}}],"line":519},"106":{"loc":{"start":{"line":527,"column":40},"end":{"line":527,"column":55}},"type":"binary-expr","locations":[{"start":{"line":527,"column":40},"end":{"line":527,"column":50}},{"start":{"line":527,"column":54},"end":{"line":527,"column":55}}],"line":527},"107":{"loc":{"start":{"line":532,"column":4},"end":{"line":538,"column":5}},"type":"if","locations":[{"start":{"line":532,"column":4},"end":{"line":538,"column":5}},{"start":{},"end":{}}],"line":532},"108":{"loc":{"start":{"line":540,"column":23},"end":{"line":540,"column":78}},"type":"cond-expr","locations":[{"start":{"line":540,"column":35},"end":{"line":540,"column":73}},{"start":{"line":540,"column":76},"end":{"line":540,"column":78}}],"line":540},"109":{"loc":{"start":{"line":552,"column":14},"end":{"line":576,"column":15}},"type":"if","locations":[{"start":{"line":552,"column":14},"end":{"line":576,"column":15}},{"start":{"line":560,"column":21},"end":{"line":576,"column":15}}],"line":552},"110":{"loc":{"start":{"line":554,"column":31},"end":{"line":554,"column":94}},"type":"cond-expr","locations":[{"start":{"line":554,"column":45},"end":{"line":554,"column":62}},{"start":{"line":554,"column":65},"end":{"line":554,"column":94}}],"line":554},"111":{"loc":{"start":{"line":557,"column":45},"end":{"line":557,"column":64}},"type":"cond-expr","locations":[{"start":{"line":557,"column":59},"end":{"line":557,"column":60}},{"start":{"line":557,"column":63},"end":{"line":557,"column":64}}],"line":557},"112":{"loc":{"start":{"line":560,"column":21},"end":{"line":576,"column":15}},"type":"if","locations":[{"start":{"line":560,"column":21},"end":{"line":576,"column":15}},{"start":{"line":568,"column":21},"end":{"line":576,"column":15}}],"line":560},"113":{"loc":{"start":{"line":583,"column":13},"end":{"line":613,"column":13}},"type":"binary-expr","locations":[{"start":{"line":583,"column":13},"end":{"line":583,"column":22}},{"start":{"line":584,"column":14},"end":{"line":612,"column":17}}],"line":583},"114":{"loc":{"start":{"line":618,"column":37},"end":{"line":618,"column":55}},"type":"binary-expr","locations":[{"start":{"line":618,"column":37},"end":{"line":618,"column":50}},{"start":{"line":618,"column":54},"end":{"line":618,"column":55}}],"line":618},"115":{"loc":{"start":{"line":619,"column":31},"end":{"line":619,"column":74}},"type":"cond-expr","locations":[{"start":{"line":619,"column":46},"end":{"line":619,"column":70}},{"start":{"line":619,"column":73},"end":{"line":619,"column":74}}],"line":619},"116":{"loc":{"start":{"line":620,"column":42},"end":{"line":620,"column":70}},"type":"binary-expr","locations":[{"start":{"line":620,"column":42},"end":{"line":620,"column":64}},{"start":{"line":620,"column":68},"end":{"line":620,"column":70}}],"line":620},"117":{"loc":{"start":{"line":624,"column":16},"end":{"line":709,"column":17}},"type":"if","locations":[{"start":{"line":624,"column":16},"end":{"line":709,"column":17}},{"start":{},"end":{}}],"line":624},"118":{"loc":{"start":{"line":624,"column":20},"end":{"line":624,"column":118}},"type":"binary-expr","locations":[{"start":{"line":624,"column":21},"end":{"line":624,"column":47}},{"start":{"line":624,"column":51},"end":{"line":624,"column":72}},{"start":{"line":624,"column":77},"end":{"line":624,"column":118}}],"line":624},"119":{"loc":{"start":{"line":628,"column":92},"end":{"line":628,"column":128}},"type":"cond-expr","locations":[{"start":{"line":628,"column":112},"end":{"line":628,"column":119}},{"start":{"line":628,"column":122},"end":{"line":628,"column":128}}],"line":628},"120":{"loc":{"start":{"line":636,"column":38},"end":{"line":636,"column":74}},"type":"cond-expr","locations":[{"start":{"line":636,"column":58},"end":{"line":636,"column":65}},{"start":{"line":636,"column":68},"end":{"line":636,"column":74}}],"line":636},"121":{"loc":{"start":{"line":640,"column":27},"end":{"line":646,"column":27}},"type":"binary-expr","locations":[{"start":{"line":640,"column":27},"end":{"line":640,"column":38}},{"start":{"line":641,"column":28},"end":{"line":645,"column":34}}],"line":640},"122":{"loc":{"start":{"line":643,"column":33},"end":{"line":643,"column":81}},"type":"cond-expr","locations":[{"start":{"line":643,"column":57},"end":{"line":643,"column":73}},{"start":{"line":643,"column":76},"end":{"line":643,"column":81}}],"line":643},"123":{"loc":{"start":{"line":651,"column":50},"end":{"line":651,"column":87}},"type":"cond-expr","locations":[{"start":{"line":651,"column":62},"end":{"line":651,"column":83}},{"start":{"line":651,"column":86},"end":{"line":651,"column":87}}],"line":651},"124":{"loc":{"start":{"line":662,"column":45},"end":{"line":662,"column":79}},"type":"cond-expr","locations":[{"start":{"line":662,"column":65},"end":{"line":662,"column":71}},{"start":{"line":662,"column":74},"end":{"line":662,"column":79}}],"line":662},"125":{"loc":{"start":{"line":687,"column":33},"end":{"line":694,"column":33}},"type":"binary-expr","locations":[{"start":{"line":687,"column":33},"end":{"line":687,"column":50}},{"start":{"line":687,"column":54},"end":{"line":687,"column":70}},{"start":{"line":688,"column":34},"end":{"line":693,"column":41}}],"line":687},"126":{"loc":{"start":{"line":689,"column":37},"end":{"line":691,"column":55}},"type":"cond-expr","locations":[{"start":{"line":690,"column":38},"end":{"line":690,"column":61}},{"start":{"line":691,"column":38},"end":{"line":691,"column":55}}],"line":689},"127":{"loc":{"start":{"line":704,"column":27},"end":{"line":704,"column":100}},"type":"cond-expr","locations":[{"start":{"line":704,"column":51},"end":{"line":704,"column":75}},{"start":{"line":704,"column":78},"end":{"line":704,"column":100}}],"line":704},"128":{"loc":{"start":{"line":713,"column":16},"end":{"line":721,"column":17}},"type":"if","locations":[{"start":{"line":713,"column":16},"end":{"line":721,"column":17}},{"start":{},"end":{}}],"line":713},"129":{"loc":{"start":{"line":714,"column":18},"end":{"line":720,"column":19}},"type":"if","locations":[{"start":{"line":714,"column":18},"end":{"line":720,"column":19}},{"start":{"line":716,"column":25},"end":{"line":720,"column":19}}],"line":714},"130":{"loc":{"start":{"line":716,"column":25},"end":{"line":720,"column":19}},"type":"if","locations":[{"start":{"line":716,"column":25},"end":{"line":720,"column":19}},{"start":{"line":718,"column":25},"end":{"line":720,"column":19}}],"line":716},"131":{"loc":{"start":{"line":724,"column":90},"end":{"line":724,"column":126}},"type":"cond-expr","locations":[{"start":{"line":724,"column":110},"end":{"line":724,"column":117}},{"start":{"line":724,"column":120},"end":{"line":724,"column":126}}],"line":724},"132":{"loc":{"start":{"line":733,"column":36},"end":{"line":733,"column":72}},"type":"cond-expr","locations":[{"start":{"line":733,"column":56},"end":{"line":733,"column":63}},{"start":{"line":733,"column":66},"end":{"line":733,"column":72}}],"line":733},"133":{"loc":{"start":{"line":737,"column":25},"end":{"line":743,"column":25}},"type":"binary-expr","locations":[{"start":{"line":737,"column":25},"end":{"line":737,"column":35}},{"start":{"line":738,"column":26},"end":{"line":742,"column":33}}],"line":737},"134":{"loc":{"start":{"line":739,"column":29},"end":{"line":741,"column":45}},"type":"cond-expr","locations":[{"start":{"line":739,"column":53},"end":{"line":739,"column":69}},{"start":{"line":740,"column":29},"end":{"line":741,"column":45}}],"line":739},"135":{"loc":{"start":{"line":740,"column":29},"end":{"line":741,"column":45}},"type":"cond-expr","locations":[{"start":{"line":740,"column":57},"end":{"line":740,"column":73}},{"start":{"line":741,"column":29},"end":{"line":741,"column":45}}],"line":740},"136":{"loc":{"start":{"line":750,"column":25},"end":{"line":752,"column":47}},"type":"cond-expr","locations":[{"start":{"line":750,"column":49},"end":{"line":750,"column":73}},{"start":{"line":751,"column":25},"end":{"line":752,"column":47}}],"line":750},"137":{"loc":{"start":{"line":751,"column":25},"end":{"line":752,"column":47}},"type":"cond-expr","locations":[{"start":{"line":751,"column":53},"end":{"line":751,"column":69}},{"start":{"line":752,"column":25},"end":{"line":752,"column":47}}],"line":751},"138":{"loc":{"start":{"line":766,"column":94},"end":{"line":766,"column":130}},"type":"cond-expr","locations":[{"start":{"line":766,"column":114},"end":{"line":766,"column":121}},{"start":{"line":766,"column":124},"end":{"line":766,"column":130}}],"line":766},"139":{"loc":{"start":{"line":767,"column":17},"end":{"line":767,"column":35}},"type":"binary-expr","locations":[{"start":{"line":767,"column":17},"end":{"line":767,"column":26}},{"start":{"line":767,"column":30},"end":{"line":767,"column":35}}],"line":767},"140":{"loc":{"start":{"line":776,"column":2},"end":{"line":785,"column":3}},"type":"if","locations":[{"start":{"line":776,"column":2},"end":{"line":785,"column":3}},{"start":{},"end":{}}],"line":776},"141":{"loc":{"start":{"line":787,"column":2},"end":{"line":800,"column":3}},"type":"if","locations":[{"start":{"line":787,"column":2},"end":{"line":800,"column":3}},{"start":{},"end":{}}],"line":787},"142":{"loc":{"start":{"line":787,"column":6},"end":{"line":787,"column":50}},"type":"binary-expr","locations":[{"start":{"line":787,"column":6},"end":{"line":787,"column":20}},{"start":{"line":787,"column":24},"end":{"line":787,"column":50}}],"line":787},"143":{"loc":{"start":{"line":794,"column":30},"end":{"line":794,"column":89}},"type":"cond-expr","locations":[{"start":{"line":794,"column":46},"end":{"line":794,"column":77}},{"start":{"line":794,"column":80},"end":{"line":794,"column":89}}],"line":794},"144":{"loc":{"start":{"line":806,"column":9},"end":{"line":844,"column":9}},"type":"binary-expr","locations":[{"start":{"line":806,"column":9},"end":{"line":806,"column":30}},{"start":{"line":807,"column":10},"end":{"line":843,"column":16}}],"line":806},"145":{"loc":{"start":{"line":818,"column":13},"end":{"line":842,"column":13}},"type":"binary-expr","locations":[{"start":{"line":818,"column":13},"end":{"line":818,"column":46}},{"start":{"line":818,"column":50},"end":{"line":818,"column":93}},{"start":{"line":819,"column":14},"end":{"line":841,"column":20}}],"line":818},"146":{"loc":{"start":{"line":823,"column":37},"end":{"line":823,"column":51}},"type":"binary-expr","locations":[{"start":{"line":823,"column":37},"end":{"line":823,"column":46}},{"start":{"line":823,"column":50},"end":{"line":823,"column":51}}],"line":823},"147":{"loc":{"start":{"line":823,"column":56},"end":{"line":823,"column":70}},"type":"binary-expr","locations":[{"start":{"line":823,"column":56},"end":{"line":823,"column":65}},{"start":{"line":823,"column":69},"end":{"line":823,"column":70}}],"line":823},"148":{"loc":{"start":{"line":834,"column":35},"end":{"line":834,"column":56}},"type":"binary-expr","locations":[{"start":{"line":834,"column":35},"end":{"line":834,"column":51}},{"start":{"line":834,"column":55},"end":{"line":834,"column":56}}],"line":834},"149":{"loc":{"start":{"line":834,"column":83},"end":{"line":834,"column":107}},"type":"binary-expr","locations":[{"start":{"line":834,"column":83},"end":{"line":834,"column":102}},{"start":{"line":834,"column":106},"end":{"line":834,"column":107}}],"line":834},"150":{"loc":{"start":{"line":846,"column":9},"end":{"line":884,"column":9}},"type":"binary-expr","locations":[{"start":{"line":846,"column":9},"end":{"line":846,"column":35}},{"start":{"line":847,"column":10},"end":{"line":883,"column":16}}],"line":846},"151":{"loc":{"start":{"line":858,"column":13},"end":{"line":882,"column":13}},"type":"binary-expr","locations":[{"start":{"line":858,"column":13},"end":{"line":858,"column":46}},{"start":{"line":858,"column":50},"end":{"line":858,"column":93}},{"start":{"line":859,"column":14},"end":{"line":881,"column":20}}],"line":858},"152":{"loc":{"start":{"line":863,"column":37},"end":{"line":863,"column":52}},"type":"binary-expr","locations":[{"start":{"line":863,"column":37},"end":{"line":863,"column":47}},{"start":{"line":863,"column":51},"end":{"line":863,"column":52}}],"line":863},"153":{"loc":{"start":{"line":863,"column":57},"end":{"line":863,"column":72}},"type":"binary-expr","locations":[{"start":{"line":863,"column":57},"end":{"line":863,"column":67}},{"start":{"line":863,"column":71},"end":{"line":863,"column":72}}],"line":863},"154":{"loc":{"start":{"line":874,"column":31},"end":{"line":874,"column":53}},"type":"binary-expr","locations":[{"start":{"line":874,"column":31},"end":{"line":874,"column":48}},{"start":{"line":874,"column":52},"end":{"line":874,"column":53}}],"line":874},"155":{"loc":{"start":{"line":874,"column":74},"end":{"line":874,"column":98}},"type":"binary-expr","locations":[{"start":{"line":874,"column":74},"end":{"line":874,"column":93}},{"start":{"line":874,"column":97},"end":{"line":874,"column":98}}],"line":874},"156":{"loc":{"start":{"line":889,"column":7},"end":{"line":894,"column":7}},"type":"binary-expr","locations":[{"start":{"line":889,"column":7},"end":{"line":889,"column":17}},{"start":{"line":889,"column":21},"end":{"line":889,"column":35}},{"start":{"line":889,"column":39},"end":{"line":889,"column":60}},{"start":{"line":889,"column":64},"end":{"line":889,"column":85}},{"start":{"line":890,"column":8},"end":{"line":893,"column":10}}],"line":889}},"s":{"0":0,"1":0,"2":0,"3":0,"4":0,"5":0,"6":0,"7":0,"8":0,"9":0,"10":0,"11":0,"12":0,"13":0,"14":0,"15":0,"16":0,"17":0,"18":0,"19":0,"20":0,"21":0,"22":0,"23":0,"24":0,"25":0,"26":0,"27":0,"28":0,"29":0,"30":0,"31":0,"32":0,"33":0,"34":0,"35":0,"36":0,"37":0,"38":0,"39":0,"40":0,"41":0,"42":0,"43":0,"44":0,"45":0,"46":0,"47":0,"48":0,"49":0,"50":0,"51":0,"52":0,"53":0,"54":0,"55":0,"56":0,"57":0,"58":0,"59":0,"60":0,"61":0,"62":0,"63":0,"64":0,"65":0,"66":0,"67":0,"68":0,"69":0,"70":0,"71":0,"72":0,"73":0,"74":0,"75":0,"76":0,"77":0,"78":0,"79":0,"80":0,"81":0,"82":0,"83":0,"84":0,"85":0,"86":0,"87":0,"88":0,"89":0,"90":0,"91":0,"92":0,"93":0,"94":0,"95":0,"96":0,"97":0,"98":0,"99":0,"100":0,"101":0,"102":0,"103":0,"104":0,"105":0,"106":0,"107":0,"108":0,"109":0,"110":0,"111":0,"112":0,"113":0,"114":0,"115":0,"116":0,"117":0,"118":0,"119":0,"120":0,"121":0,"122":0,"123":0,"124":0,"125":0,"126":0,"127":0,"128":0,"129":0,"130":0,"131":0,"132":0,"133":0,"134":0,"135":0,"136":0,"137":0,"138":0,"139":0,"140":0,"141":0,"142":0,"143":0,"144":0,"145":0,"146":0,"147":0,"148":0,"149":0,"150":0,"151":0,"152":0,"153":0,"154":0,"155":0,"156":0,"157":0,"158":0,"159":0,"160":0,"161":0,"162":0,"163":0,"164":0,"165":0,"166":0,"167":0,"168":0,"169":0,"170":0,"171":0,"172":0,"173":0,"174":0,"175":0,"176":0,"177":0,"178":0,"179":0,"180":0,"181":0,"182":0,"183":0,"184":0,"185":0,"186":0,"187":0,"188":0,"189":0,"190":0,"191":0,"192":0,"193":0,"194":0,"195":0,"196":0,"197":0,"198":0,"199":0,"200":0,"201":0,"202":0},"f":{"0":0,"1":0,"2":0,"3":0,"4":0,"5":0,"6":0,"7":0,"8":0,"9":0,"10":0,"11":0,"12":0,"13":0,"14":0,"15":0,"16":0,"17":0,"18":0,"19":0,"20":0,"21":0,"22":0,"23":0,"24":0,"25":0,"26":0,"27":0,"28":0,"29":0,"30":0,"31":0,"32":0,"33":0,"34":0,"35":0,"36":0,"37":0,"38":0,"39":0,"40":0,"41":0,"42":0,"43":0},"b":{"0":[0,0],"1":[0,0],"2":[0,0],"3":[0,0],"4":[0,0],"5":[0,0],"6":[0,0,0],"7":[0,0],"8":[0,0],"9":[0,0],"10":[0,0],"11":[0,0],"12":[0,0],"13":[0,0],"14":[0,0],"15":[0,0],"16":[0,0],"17":[0,0],"18":[0,0],"19":[0,0],"20":[0,0],"21":[0,0],"22":[0,0],"23":[0,0],"24":[0,0],"25":[0,0],"26":[0,0],"27":[0,0],"28":[0,0],"29":[0,0],"30":[0,0],"31":[0,0],"32":[0,0],"33":[0,0],"34":[0,0],"35":[0,0],"36":[0,0],"37":[0,0],"38":[0,0],"39":[0,0],"40":[0,0],"41":[0,0],"42":[0,0],"43":[0,0],"44":[0,0],"45":[0,0],"46":[0,0],"47":[0,0],"48":[0,0],"49":[0,0],"50":[0,0],"51":[0,0],"52":[0,0],"53":[0,0],"54":[0,0],"55":[0,0],"56":[0,0],"57":[0,0],"58":[0,0],"59":[0,0],"60":[0,0],"61":[0,0],"62":[0,0],"63":[0,0],"64":[0,0],"65":[0,0],"66":[0,0],"67":[0],"68":[0,0],"69":[0,0],"70":[0,0],"71":[0,0],"72":[0,0],"73":[0,0],"74":[0,0],"75":[0,0],"76":[0,0],"77":[0,0],"78":[0,0],"79":[0,0],"80":[0,0],"81":[0,0],"82":[0,0],"83":[0,0],"84":[0,0],"85":[0,0],"86":[0,0],"87":[0,0],"88":[0,0],"89":[0,0],"90":[0,0],"91":[0,0],"92":[0],"93":[0,0],"94":[0,0],"95":[0,0],"96":[0,0],"97":[0,0],"98":[0,0],"99":[0],"100":[0],"101":[0],"102":[0],"103":[0],"104":[0,0],"105":[0,0],"106":[0,0],"107":[0,0],"108":[0,0],"109":[0,0],"110":[0,0],"111":[0,0],"112":[0,0],"113":[0,0],"114":[0,0],"115":[0,0],"116":[0,0],"117":[0,0],"118":[0,0,0],"119":[0,0],"120":[0,0],"121":[0,0],"122":[0,0],"123":[0,0],"124":[0,0],"125":[0,0,0],"126":[0,0],"127":[0,0],"128":[0,0],"129":[0,0],"130":[0,0],"131":[0,0],"132":[0,0],"133":[0,0],"134":[0,0],"135":[0,0],"136":[0,0],"137":[0,0],"138":[0,0],"139":[0,0],"140":[0,0],"141":[0,0],"142":[0,0],"143":[0,0],"144":[0,0],"145":[0,0,0],"146":[0,0],"147":[0,0],"148":[0,0],"149":[0,0],"150":[0,0],"151":[0,0,0],"152":[0,0],"153":[0,0],"154":[0,0],"155":[0,0],"156":[0,0,0,0,0]}}
,"/Users/guillermosotozuniga/restaurant-web/frontend/src/components/CustomDatePicker.jsx": {"path":"/Users/guillermosotozuniga/restaurant-web/frontend/src/components/CustomDatePicker.jsx","statementMap":{"0":{"start":{"line":4,"column":25},"end":{"line":174,"column":1}},"1":{"start":{"line":5,"column":38},"end":{"line":5,"column":53}},"2":{"start":{"line":6,"column":42},"end":{"line":10,"column":4}},"3":{"start":{"line":8,"column":31},"end":{"line":8,"column":66}},"4":{"start":{"line":9,"column":4},"end":{"line":9,"column":44}},"5":{"start":{"line":12,"column":21},"end":{"line":15,"column":8}},"6":{"start":{"line":12,"column":35},"end":{"line":15,"column":3}},"7":{"start":{"line":17,"column":19},"end":{"line":20,"column":3}},"8":{"start":{"line":18,"column":4},"end":{"line":18,"column":53}},"9":{"start":{"line":23,"column":2},"end":{"line":26,"column":21}},"10":{"start":{"line":24,"column":31},"end":{"line":24,"column":66}},"11":{"start":{"line":25,"column":4},"end":{"line":25,"column":54}},"12":{"start":{"line":28,"column":31},"end":{"line":32,"column":8}},"13":{"start":{"line":30,"column":31},"end":{"line":30,"column":49}},"14":{"start":{"line":31,"column":4},"end":{"line":31,"column":37}},"15":{"start":{"line":34,"column":27},"end":{"line":67,"column":43}},"16":{"start":{"line":35,"column":28},"end":{"line":35,"column":40}},"17":{"start":{"line":36,"column":21},"end":{"line":36,"column":45}},"18":{"start":{"line":37,"column":20},"end":{"line":37,"column":48}},"19":{"start":{"line":38,"column":22},"end":{"line":38,"column":40}},"20":{"start":{"line":39,"column":4},"end":{"line":39,"column":63}},"21":{"start":{"line":41,"column":17},"end":{"line":41,"column":19}},"22":{"start":{"line":43,"column":40},"end":{"line":43,"column":70}},"23":{"start":{"line":44,"column":23},"end":{"line":44,"column":62}},"24":{"start":{"line":46,"column":4},"end":{"line":64,"column":5}},"25":{"start":{"line":46,"column":17},"end":{"line":46,"column":18}},"26":{"start":{"line":47,"column":26},"end":{"line":47,"column":45}},"27":{"start":{"line":48,"column":6},"end":{"line":48,"column":51}},"28":{"start":{"line":50,"column":29},"end":{"line":50,"column":61}},"29":{"start":{"line":51,"column":29},"end":{"line":51,"column":68}},"30":{"start":{"line":52,"column":25},"end":{"line":52,"column":56}},"31":{"start":{"line":53,"column":22},"end":{"line":53,"column":78}},"32":{"start":{"line":54,"column":25},"end":{"line":54,"column":49}},"33":{"start":{"line":56,"column":6},"end":{"line":63,"column":9}},"34":{"start":{"line":66,"column":4},"end":{"line":66,"column":16}},"35":{"start":{"line":69,"column":26},"end":{"line":75,"column":20}},"36":{"start":{"line":70,"column":4},"end":{"line":74,"column":5}},"37":{"start":{"line":71,"column":22},"end":{"line":71,"column":59}},"38":{"start":{"line":72,"column":6},"end":{"line":72,"column":28}},"39":{"start":{"line":73,"column":6},"end":{"line":73,"column":27}},"40":{"start":{"line":77,"column":24},"end":{"line":87,"column":8}},"41":{"start":{"line":78,"column":4},"end":{"line":86,"column":7}},"42":{"start":{"line":79,"column":23},"end":{"line":79,"column":45}},"43":{"start":{"line":80,"column":6},"end":{"line":84,"column":7}},"44":{"start":{"line":81,"column":8},"end":{"line":81,"column":50}},"45":{"start":{"line":82,"column":13},"end":{"line":84,"column":7}},"46":{"start":{"line":83,"column":8},"end":{"line":83,"column":49}},"47":{"start":{"line":85,"column":6},"end":{"line":85,"column":42}},"48":{"start":{"line":89,"column":23},"end":{"line":91,"column":8}},"49":{"start":{"line":90,"column":4},"end":{"line":90,"column":33}},"50":{"start":{"line":90,"column":26},"end":{"line":90,"column":31}},"51":{"start":{"line":93,"column":22},"end":{"line":95,"column":8}},"52":{"start":{"line":94,"column":4},"end":{"line":94,"column":25}},"53":{"start":{"line":97,"column":2},"end":{"line":173,"column":4}},"54":{"start":{"line":123,"column":31},"end":{"line":123,"column":48}},"55":{"start":{"line":134,"column":31},"end":{"line":134,"column":47}},"56":{"start":{"line":144,"column":16},"end":{"line":146,"column":22}},"57":{"start":{"line":153,"column":16},"end":{"line":166,"column":25}},"58":{"start":{"line":155,"column":33},"end":{"line":155,"column":53}}},"fnMap":{"0":{"name":"(anonymous_0)","decl":{"start":{"line":4,"column":25},"end":{"line":4,"column":26}},"loc":{"start":{"line":4,"column":70},"end":{"line":174,"column":1}},"line":4},"1":{"name":"(anonymous_1)","decl":{"start":{"line":6,"column":51},"end":{"line":6,"column":52}},"loc":{"start":{"line":6,"column":57},"end":{"line":10,"column":3}},"line":6},"2":{"name":"(anonymous_2)","decl":{"start":{"line":12,"column":29},"end":{"line":12,"column":30}},"loc":{"start":{"line":12,"column":35},"end":{"line":15,"column":3}},"line":12},"3":{"name":"(anonymous_3)","decl":{"start":{"line":17,"column":27},"end":{"line":17,"column":28}},"loc":{"start":{"line":18,"column":4},"end":{"line":18,"column":53}},"line":18},"4":{"name":"(anonymous_4)","decl":{"start":{"line":23,"column":12},"end":{"line":23,"column":13}},"loc":{"start":{"line":23,"column":18},"end":{"line":26,"column":3}},"line":23},"5":{"name":"(anonymous_5)","decl":{"start":{"line":28,"column":43},"end":{"line":28,"column":44}},"loc":{"start":{"line":28,"column":56},"end":{"line":32,"column":3}},"line":28},"6":{"name":"(anonymous_6)","decl":{"start":{"line":34,"column":35},"end":{"line":34,"column":36}},"loc":{"start":{"line":34,"column":41},"end":{"line":67,"column":3}},"line":34},"7":{"name":"(anonymous_7)","decl":{"start":{"line":69,"column":38},"end":{"line":69,"column":39}},"loc":{"start":{"line":69,"column":48},"end":{"line":75,"column":3}},"line":69},"8":{"name":"(anonymous_8)","decl":{"start":{"line":77,"column":36},"end":{"line":77,"column":37}},"loc":{"start":{"line":77,"column":51},"end":{"line":87,"column":3}},"line":77},"9":{"name":"(anonymous_9)","decl":{"start":{"line":78,"column":20},"end":{"line":78,"column":21}},"loc":{"start":{"line":78,"column":28},"end":{"line":86,"column":5}},"line":78},"10":{"name":"(anonymous_10)","decl":{"start":{"line":89,"column":35},"end":{"line":89,"column":36}},"loc":{"start":{"line":89,"column":41},"end":{"line":91,"column":3}},"line":89},"11":{"name":"(anonymous_11)","decl":{"start":{"line":90,"column":18},"end":{"line":90,"column":19}},"loc":{"start":{"line":90,"column":26},"end":{"line":90,"column":31}},"line":90},"12":{"name":"(anonymous_12)","decl":{"start":{"line":93,"column":34},"end":{"line":93,"column":35}},"loc":{"start":{"line":93,"column":40},"end":{"line":95,"column":3}},"line":93},"13":{"name":"(anonymous_13)","decl":{"start":{"line":123,"column":25},"end":{"line":123,"column":26}},"loc":{"start":{"line":123,"column":31},"end":{"line":123,"column":48}},"line":123},"14":{"name":"(anonymous_14)","decl":{"start":{"line":134,"column":25},"end":{"line":134,"column":26}},"loc":{"start":{"line":134,"column":31},"end":{"line":134,"column":47}},"line":134},"15":{"name":"(anonymous_15)","decl":{"start":{"line":143,"column":28},"end":{"line":143,"column":29}},"loc":{"start":{"line":144,"column":16},"end":{"line":146,"column":22}},"line":144},"16":{"name":"(anonymous_16)","decl":{"start":{"line":152,"column":36},"end":{"line":152,"column":37}},"loc":{"start":{"line":153,"column":16},"end":{"line":166,"column":25}},"line":153},"17":{"name":"(anonymous_17)","decl":{"start":{"line":155,"column":27},"end":{"line":155,"column":28}},"loc":{"start":{"line":155,"column":33},"end":{"line":155,"column":53}},"line":155}},"branchMap":{"0":{"loc":{"start":{"line":70,"column":4},"end":{"line":74,"column":5}},"type":"if","locations":[{"start":{"line":70,"column":4},"end":{"line":74,"column":5}},{"start":{},"end":{}}],"line":70},"1":{"loc":{"start":{"line":80,"column":6},"end":{"line":84,"column":7}},"type":"if","locations":[{"start":{"line":80,"column":6},"end":{"line":84,"column":7}},{"start":{"line":82,"column":13},"end":{"line":84,"column":7}}],"line":80},"2":{"loc":{"start":{"line":82,"column":13},"end":{"line":84,"column":7}},"type":"if","locations":[{"start":{"line":82,"column":13},"end":{"line":84,"column":7}},{"start":{},"end":{}}],"line":82},"3":{"loc":{"start":{"line":106,"column":78},"end":{"line":106,"column":108}},"type":"cond-expr","locations":[{"start":{"line":106,"column":91},"end":{"line":106,"column":103}},{"start":{"line":106,"column":106},"end":{"line":106,"column":108}}],"line":106},"4":{"loc":{"start":{"line":110,"column":7},"end":{"line":171,"column":7}},"type":"binary-expr","locations":[{"start":{"line":110,"column":7},"end":{"line":110,"column":17}},{"start":{"line":111,"column":8},"end":{"line":170,"column":11}}],"line":110},"5":{"loc":{"start":{"line":159,"column":22},"end":{"line":159,"column":77}},"type":"cond-expr","locations":[{"start":{"line":159,"column":44},"end":{"line":159,"column":59}},{"start":{"line":159,"column":62},"end":{"line":159,"column":77}}],"line":159},"6":{"loc":{"start":{"line":160,"column":22},"end":{"line":160,"column":86}},"type":"cond-expr","locations":[{"start":{"line":160,"column":39},"end":{"line":160,"column":81}},{"start":{"line":160,"column":84},"end":{"line":160,"column":86}}],"line":160},"7":{"loc":{"start":{"line":161,"column":22},"end":{"line":161,"column":87}},"type":"cond-expr","locations":[{"start":{"line":161,"column":55},"end":{"line":161,"column":82}},{"start":{"line":161,"column":85},"end":{"line":161,"column":87}}],"line":161},"8":{"loc":{"start":{"line":161,"column":22},"end":{"line":161,"column":52}},"type":"binary-expr","locations":[{"start":{"line":161,"column":22},"end":{"line":161,"column":33}},{"start":{"line":161,"column":37},"end":{"line":161,"column":52}}],"line":161},"9":{"loc":{"start":{"line":162,"column":22},"end":{"line":162,"column":113}},"type":"cond-expr","locations":[{"start":{"line":162,"column":39},"end":{"line":162,"column":94}},{"start":{"line":162,"column":97},"end":{"line":162,"column":113}}],"line":162}},"s":{"0":0,"1":0,"2":0,"3":0,"4":0,"5":0,"6":0,"7":0,"8":0,"9":0,"10":0,"11":0,"12":0,"13":0,"14":0,"15":0,"16":0,"17":0,"18":0,"19":0,"20":0,"21":0,"22":0,"23":0,"24":0,"25":0,"26":0,"27":0,"28":0,"29":0,"30":0,"31":0,"32":0,"33":0,"34":0,"35":0,"36":0,"37":0,"38":0,"39":0,"40":0,"41":0,"42":0,"43":0,"44":0,"45":0,"46":0,"47":0,"48":0,"49":0,"50":0,"51":0,"52":0,"53":0,"54":0,"55":0,"56":0,"57":0,"58":0},"f":{"0":0,"1":0,"2":0,"3":0,"4":0,"5":0,"6":0,"7":0,"8":0,"9":0,"10":0,"11":0,"12":0,"13":0,"14":0,"15":0,"16":0,"17":0},"b":{"0":[0,0],"1":[0,0],"2":[0,0],"3":[0,0],"4":[0,0],"5":[0,0],"6":[0,0],"7":[0,0],"8":[0,0],"9":[0,0]}}
[...]
mn":9}},"95":{"start":{"line":228,"column":8},"end":{"line":232,"column":9}},"96":{"start":{"line":229,"column":10},"end":{"line":229,"column":25}},"97":{"start":{"line":231,"column":10},"end":{"line":231,"column":75}},"98":{"start":{"line":242,"column":4},"end":{"line":242,"column":100}},"99":{"start":{"line":250,"column":4},"end":{"line":255,"column":6}},"100":{"start":{"line":260,"column":19},"end":{"line":260,"column":35}},"101":{"start":{"line":271,"column":22},"end":{"line":306,"column":1}},"102":{"start":{"line":272,"column":50},"end":{"line":272,"column":92}},"103":{"start":{"line":274,"column":2},"end":{"line":299,"column":27}},"104":{"start":{"line":276,"column":4},"end":{"line":276,"column":43}},"105":{"start":{"line":279,"column":33},"end":{"line":281,"column":6}},"106":{"start":{"line":280,"column":6},"end":{"line":280,"column":60}},"107":{"start":{"line":283,"column":36},"end":{"line":285,"column":6}},"108":{"start":{"line":284,"column":6},"end":{"line":284,"column":60}},"109":{"start":{"line":288,"column":26},"end":{"line":290,"column":5}},"110":{"start":{"line":289,"column":6},"end":{"line":289,"column":39}},"111":{"start":{"line":293,"column":4},"end":{"line":298,"column":6}},"112":{"start":{"line":294,"column":6},"end":{"line":294,"column":29}},"113":{"start":{"line":295,"column":6},"end":{"line":295,"column":32}},"114":{"start":{"line":296,"column":6},"end":{"line":296,"column":58}},"115":{"start":{"line":296,"column":43},"end":{"line":296,"column":56}},"116":{"start":{"line":297,"column":6},"end":{"line":297,"column":30}},"117":{"start":{"line":301,"column":2},"end":{"line":305,"column":4}},"118":{"start":{"line":303,"column":21},"end":{"line":303,"column":59}},"119":{"start":{"line":304,"column":22},"end":{"line":304,"column":45}}},"fnMap":{"0":{"name":"(anonymous_0)","decl":{"start":{"line":8,"column":2},"end":{"line":8,"column":3}},"loc":{"start":{"line":8,"column":16},"end":{"line":18,"column":3}},"line":8},"1":{"name":"(anonymous_1)","decl":{"start":{"line":25,"column":2},"end":{"line":25,"column":3}},"loc":{"start":{"line":25,"column":55},"end":{"line":85,"column":3}},"line":25},"2":{"name":"(anonymous_2)","decl":{"start":{"line":45,"column":32},"end":{"line":45,"column":33}},"loc":{"start":{"line":45,"column":43},"end":{"line":49,"column":7}},"line":45},"3":{"name":"(anonymous_3)","decl":{"start":{"line":51,"column":33},"end":{"line":51,"column":34}},"loc":{"start":{"line":51,"column":44},"end":{"line":67,"column":7}},"line":51},"4":{"name":"(anonymous_4)","decl":{"start":{"line":69,"column":35},"end":{"line":69,"column":36}},"loc":{"start":{"line":69,"column":46},"end":{"line":76,"column":7}},"line":69},"5":{"name":"(anonymous_5)","decl":{"start":{"line":90,"column":2},"end":{"line":90,"column":3}},"loc":{"start":{"line":90,"column":24},"end":{"line":141,"column":3}},"line":90},"6":{"name":"(anonymous_6)","decl":{"start":{"line":94,"column":51},"end":{"line":94,"column":52}},"loc":{"start":{"line":94,"column":62},"end":{"line":100,"column":5}},"line":94},"7":{"name":"(anonymous_7)","decl":{"start":{"line":103,"column":59},"end":{"line":103,"column":60}},"loc":{"start":{"line":103,"column":70},"end":{"line":110,"column":5}},"line":103},"8":{"name":"(anonymous_8)","decl":{"start":{"line":113,"column":54},"end":{"line":113,"column":55}},"loc":{"start":{"line":113,"column":65},"end":{"line":120,"column":5}},"line":113},"9":{"name":"(anonymous_9)","decl":{"start":{"line":123,"column":59},"end":{"line":123,"column":60}},"loc":{"start":{"line":123,"column":70},"end":{"line":130,"column":5}},"line":123},"10":{"name":"(anonymous_10)","decl":{"start":{"line":133,"column":54},"end":{"line":133,"column":55}},"loc":{"start":{"line":133,"column":65},"end":{"line":140,"column":5}},"line":133},"11":{"name":"(anonymous_11)","decl":{"start":{"line":146,"column":2},"end":{"line":146,"column":3}},"loc":{"start":{"line":146,"column":22},"end":{"line":162,"column":3}},"line":146},"12":{"name":"(anonymous_12)","decl":{"start":{"line":157,"column":39},"end":{"line":157,"column":40}},"loc":{"start":{"line":157,"column":45},"end":{"line":161,"column":5}},"line":157},"13":{"name":"(anonymous_13)","decl":{"start":{"line":167,"column":2},"end":{"line":167,"column":3}},"loc":{"start":{"line":167,"column":15},"end":{"line":181,"column":3}},"line":167},"14":{"name":"(anonymous_14)","decl":{"start":{"line":188,"column":2},"end":{"line":188,"column":3}},"loc":{"start":{"line":188,"column":26},"end":{"line":198,"column":3}},"line":188},"15":{"name":"(anonymous_15)","decl":{"start":{"line":195,"column":11},"end":{"line":195,"column":12}},"loc":{"start":{"line":195,"column":17},"end":{"line":197,"column":5}},"line":195},"16":{"name":"(anonymous_16)","decl":{"start":{"line":205,"column":2},"end":{"line":205,"column":3}},"loc":{"start":{"line":205,"column":27},"end":{"line":218,"column":3}},"line":205},"17":{"name":"(anonymous_17)","decl":{"start":{"line":225,"column":2},"end":{"line":225,"column":3}},"loc":{"start":{"line":225,"column":24},"end":{"line":235,"column":3}},"line":225},"18":{"name":"(anonymous_18)","decl":{"start":{"line":227,"column":44},"end":{"line":227,"column":45}},"loc":{"start":{"line":227,"column":56},"end":{"line":233,"column":7}},"line":227},"19":{"name":"(anonymous_19)","decl":{"start":{"line":241,"column":2},"end":{"line":241,"column":3}},"loc":{"start":{"line":241,"column":21},"end":{"line":243,"column":3}},"line":241},"20":{"name":"(anonymous_20)","decl":{"start":{"line":249,"column":2},"end":{"line":249,"column":3}},"loc":{"start":{"line":249,"column":24},"end":{"line":256,"column":3}},"line":249},"21":{"name":"(anonymous_21)","decl":{"start":{"line":271,"column":22},"end":{"line":271,"column":23}},"loc":{"start":{"line":271,"column":91},"end":{"line":306,"column":1}},"line":271},"22":{"name":"(anonymous_22)","decl":{"start":{"line":274,"column":12},"end":{"line":274,"column":13}},"loc":{"start":{"line":274,"column":18},"end":{"line":299,"column":3}},"line":274},"23":{"name":"(anonymous_23)","decl":{"start":{"line":279,"column":60},"end":{"line":279,"column":61}},"loc":{"start":{"line":279,"column":66},"end":{"line":281,"column":5}},"line":279},"24":{"name":"(anonymous_24)","decl":{"start":{"line":283,"column":76},"end":{"line":283,"column":77}},"loc":{"start":{"line":283,"column":82},"end":{"line":285,"column":5}},"line":283},"25":{"name":"(anonymous_25)","decl":{"start":{"line":288,"column":60},"end":{"line":288,"column":61}},"loc":{"start":{"line":289,"column":6},"end":{"line":289,"column":39}},"line":289},"26":{"name":"(anonymous_26)","decl":{"start":{"line":293,"column":11},"end":{"line":293,"column":12}},"loc":{"start":{"line":293,"column":17},"end":{"line":298,"column":5}},"line":293},"27":{"name":"(anonymous_27)","decl":{"start":{"line":296,"column":28},"end":{"line":296,"column":29}},"loc":{"start":{"line":296,"column":43},"end":{"line":296,"column":56}},"line":296},"28":{"name":"(anonymous_28)","decl":{"start":{"line":303,"column":15},"end":{"line":303,"column":16}},"loc":{"start":{"line":303,"column":21},"end":{"line":303,"column":59}},"line":303},"29":{"name":"(anonymous_29)","decl":{"start":{"line":304,"column":16},"end":{"line":304,"column":17}},"loc":{"start":{"line":304,"column":22},"end":{"line":304,"column":45}},"line":304}},"branchMap":{"0":{"loc":{"start":{"line":25,"column":10},"end":{"line":25,"column":30}},"type":"default-arg","locations":[{"start":{"line":25,"column":19},"end":{"line":25,"column":30}}],"line":25},"1":{"loc":{"start":{"line":25,"column":32},"end":{"line":25,"column":53}},"type":"default-arg","locations":[{"start":{"line":25,"column":45},"end":{"line":25,"column":53}}],"line":25},"2":{"loc":{"start":{"line":27,"column":4},"end":{"line":29,"column":5}},"type":"if","locations":[{"start":{"line":27,"column":4},"end":{"line":29,"column":5}},{"start":{},"end":{}}],"line":27},"3":{"loc":{"start":{"line":27,"column":8},"end":{"line":27,"column":76}},"type":"binary-expr","locations":[{"start":{"line":27,"column":8},"end":{"line":27,"column":24}},{"start":{"line":27,"column":28},"end":{"line":27,"column":76}}],"line":27},"4":{"loc":{"start":{"line":31,"column":4},"end":{"line":33,"column":5}},"type":"if","locations":[{"start":{"line":31,"column":4},"end":{"line":33,"column":5}},{"start":{},"end":{}}],"line":31},"5":{"loc":{"start":{"line":37,"column":20},"end":{"line":37,"column":75}},"type":"binary-expr","locations":[{"start":{"line":37,"column":20},"end":{"line":37,"column":48}},{"start":{"line":37,"column":52},"end":{"line":37,"column":75}}],"line":37},"6":{"loc":{"start":{"line":56,"column":8},"end":{"line":59,"column":9}},"type":"if","locations":[{"start":{"line":56,"column":8},"end":{"line":59,"column":9}},{"start":{},"end":{}}],"line":56},"7":{"loc":{"start":{"line":62,"column":8},"end":{"line":66,"column":9}},"type":"if","locations":[{"start":{"line":62,"column":8},"end":{"line":66,"column":9}},{"start":{"line":64,"column":15},"end":{"line":66,"column":9}}],"line":62},"8":{"loc":{"start":{"line":91,"column":4},"end":{"line":91,"column":34}},"type":"if","locations":[{"start":{"line":91,"column":4},"end":{"line":91,"column":34}},{"start":{},"end":{}}],"line":91},"9":{"loc":{"start":{"line":147,"column":4},"end":{"line":149,"column":5}},"type":"if","locations":[{"start":{"line":147,"column":4},"end":{"line":149,"column":5}},{"start":{},"end":{}}],"line":147},"10":{"loc":{"start":{"line":158,"column":6},"end":{"line":160,"column":7}},"type":"if","locations":[{"start":{"line":158,"column":6},"end":{"line":160,"column":7}},{"start":{},"end":{}}],"line":158},"11":{"loc":{"start":{"line":168,"column":4},"end":{"line":171,"column":5}},"type":"if","locations":[{"start":{"line":168,"column":4},"end":{"line":171,"column":5}},{"start":{},"end":{}}],"line":168},"12":{"loc":{"start":{"line":173,"column":4},"end":{"line":176,"column":5}},"type":"if","locations":[{"start":{"line":173,"column":4},"end":{"line":176,"column":5}},{"start":{},"end":{}}],"line":173},"13":{"loc":{"start":{"line":189,"column":4},"end":{"line":191,"column":5}},"type":"if","locations":[{"start":{"line":189,"column":4},"end":{"line":191,"column":5}},{"start":{},"end":{}}],"line":189},"14":{"loc":{"start":{"line":206,"column":4},"end":{"line":217,"column":5}},"type":"if","locations":[{"start":{"line":206,"column":4},"end":{"line":217,"column":5}},{"start":{},"end":{}}],"line":206},"15":{"loc":{"start":{"line":209,"column":6},"end":{"line":211,"column":7}},"type":"if","locations":[{"start":{"line":209,"column":6},"end":{"line":211,"column":7}},{"start":{},"end":{}}],"line":209},"16":{"loc":{"start":{"line":214,"column":6},"end":{"line":216,"column":7}},"type":"if","locations":[{"start":{"line":214,"column":6},"end":{"line":216,"column":7}},{"start":{},"end":{}}],"line":214},"17":{"loc":{"start":{"line":226,"column":4},"end":{"line":234,"column":5}},"type":"if","locations":[{"start":{"line":226,"column":4},"end":{"line":234,"column":5}},{"start":{},"end":{}}],"line":226},"18":{"loc":{"start":{"line":242,"column":11},"end":{"line":242,"column":99}},"type":"binary-expr","locations":[{"start":{"line":242,"column":11},"end":{"line":242,"column":27}},{"start":{"line":242,"column":31},"end":{"line":242,"column":47}},{"start":{"line":242,"column":51},"end":{"line":242,"column":99}}],"line":242},"19":{"loc":{"start":{"line":252,"column":18},"end":{"line":252,"column":85}},"type":"cond-expr","locations":[{"start":{"line":252,"column":37},"end":{"line":252,"column":64}},{"start":{"line":252,"column":67},"end":{"line":252,"column":85}}],"line":252},"20":{"loc":{"start":{"line":271,"column":23},"end":{"line":271,"column":43}},"type":"default-arg","locations":[{"start":{"line":271,"column":32},"end":{"line":271,"column":43}}],"line":271},"21":{"loc":{"start":{"line":271,"column":45},"end":{"line":271,"column":66}},"type":"default-arg","locations":[{"start":{"line":271,"column":58},"end":{"line":271,"column":66}}],"line":271},"22":{"loc":{"start":{"line":271,"column":68},"end":{"line":271,"column":86}},"type":"default-arg","locations":[{"start":{"line":271,"column":84},"end":{"line":271,"column":86}}],"line":271}},"s":{"0":0,"1":0,"2":0,"3":0,"4":0,"5":0,"6":0,"7":0,"8":0,"9":0,"10":0,"11":0,"12":0,"13":0,"14":0,"15":0,"16":0,"17":0,"18":0,"19":0,"20":0,"21":0,"22":0,"23":0,"24":0,"25":0,"26":0,"27":0,"28":0,"29":0,"30":0,"31":0,"32":0,"33":0,"34":0,"35":0,"36":0,"37":0,"38":0,"39":0,"40":0,"41":0,"42":0,"43":0,"44":0,"45":0,"46":0,"47":0,"48":0,"49":0,"50":0,"51":0,"52":0,"53":0,"54":0,"55":0,"56":0,"57":0,"58":0,"59":0,"60":0,"61":0,"62":0,"63":0,"64":0,"65":0,"66":0,"67":0,"68":0,"69":0,"70":0,"71":0,"72":0,"73":0,"74":0,"75":0,"76":0,"77":0,"78":0,"79":0,"80":0,"81":0,"82":0,"83":0,"84":0,"85":0,"86":0,"87":0,"88":0,"89":0,"90":0,"91":0,"92":0,"93":0,"94":0,"95":0,"96":0,"97":0,"98":0,"99":0,"100":0,"101":0,"102":0,"103":0,"104":0,"105":0,"106":0,"107":0,"108":0,"109":0,"110":0,"111":0,"112":0,"113":0,"114":0,"115":0,"116":0,"117":0,"118":0,"119":0},"f":{"0":0,"1":0,"2":0,"3":0,"4":0,"5":0,"6":0,"7":0,"8":0,"9":0,"10":0,"11":0,"12":0,"13":0,"14":0,"15":0,"16":0,"17":0,"18":0,"19":0,"20":0,"21":0,"22":0,"23":0,"24":0,"25":0,"26":0,"27":0,"28":0,"29":0},"b":{"0":[0],"1":[0],"2":[0,0],"3":[0,0],"4":[0,0],"5":[0,0],"6":[0,0],"7":[0,0],"8":[0,0],"9":[0,0],"10":[0,0],"11":[0,0],"12":[0,0],"13":[0,0],"14":[0,0],"15":[0,0],"16":[0,0],"17":[0,0],"18":[0,0,0],"19":[0,0],"20":[0],"21":[0],"22":[0]}}
,"/Users/guillermosotozuniga/restaurant-web/frontend/src/utils/constants.js": {"path":"/Users/guillermosotozuniga/restaurant-web/frontend/src/utils/constants.js","statementMap":{"0":{"start":{"line":7,"column":26},"end":{"line":12,"column":1}},"1":{"start":{"line":15,"column":26},"end":{"line":20,"column":1}},"2":{"start":{"line":23,"column":28},"end":{"line":31,"column":1}},"3":{"start":{"line":34,"column":31},"end":{"line":39,"column":1}},"4":{"start":{"line":42,"column":25},"end":{"line":47,"column":1}}},"fnMap":{},"branchMap":{"0":{"loc":{"start":{"line":8,"column":12},"end":{"line":8,"column":72}},"type":"binary-expr","locations":[{"start":{"line":8,"column":12},"end":{"line":8,"column":45}},{"start":{"line":8,"column":49},"end":{"line":8,"column":72}}],"line":8}},"s":{"0":0,"1":0,"2":0,"3":0,"4":0},"f":{},"b":{"0":[0,0]}}
,"/Users/guillermosotozuniga/restaurant-web/frontend/src/utils/dashboardUtils.js": {"path":"/Users/guillermosotozuniga/restaurant-web/frontend/src/utils/dashboardUtils.js","statementMap":{"0":{"start":{"line":6,"column":27},"end":{"line":10,"column":1}},"1":{"start":{"line":7,"column":14},"end":{"line":7,"column":24}},"2":{"start":{"line":8,"column":19},"end":{"line":8,"column":65}},"3":{"start":{"line":9,"column":2},"end":{"line":9,"column":46}},"4":{"start":{"line":13,"column":30},"end":{"line":20,"column":4}},"5":{"start":{"line":14,"column":20},"end":{"line":17,"column":4}},"6":{"start":{"line":19,"column":2},"end":{"line":19,"column":51}},"7":{"start":{"line":19,"column":21},"end":{"line":19,"column":50}},"8":{"start":{"line":23,"column":28},"end":{"line":28,"column":1}},"9":{"start":{"line":30,"column":29},"end":{"line":35,"column":1}},"10":{"start":{"line":37,"column":36},"end":{"line":42,"column":1}},"11":{"start":{"line":44,"column":37},"end":{"line":49,"column":1}},"12":{"start":{"line":51,"column":31},"end":{"line":51,"column":110}},"13":{"start":{"line":54,"column":32},"end":{"line":54,"column":90}},"14":{"start":{"line":54,"column":43},"end":{"line":54,"column":90}},"15":{"start":{"line":57,"column":31},"end":{"line":62,"column":1}},"16":{"start":{"line":58,"column":2},"end":{"line":58,"column":42}},"17":{"start":{"line":58,"column":19},"end":{"line":58,"column":42}},"18":{"start":{"line":59,"column":2},"end":{"line":59,"column":40}},"19":{"start":{"line":59,"column":19},"end":{"line":59,"column":40}},"20":{"start":{"line":60,"column":2},"end":{"line":60,"column":42}},"21":{"start":{"line":60,"column":19},"end":{"line":60,"column":42}},"22":{"start":{"line":61,"column":2},"end":{"line":61,"column":23}}},"fnMap":{"0":{"name":"(anonymous_0)","decl":{"start":{"line":6,"column":27},"end":{"line":6,"column":28}},"loc":{"start":{"line":6,"column":33},"end":{"line":10,"column":1}},"line":6},"1":{"name":"(anonymous_1)","decl":{"start":{"line":13,"column":31},"end":{"line":13,"column":32}},"loc":{"start":{"line":13,"column":37},"end":{"line":20,"column":1}},"line":13},"2":{"name":"(anonymous_2)","decl":{"start":{"line":19,"column":9},"end":{"line":19,"column":10}},"loc":{"start":{"line":19,"column":21},"end":{"line":19,"column":50}},"line":19},"3":{"name":"(anonymous_3)","decl":{"start":{"line":54,"column":32},"end":{"line":54,"column":33}},"loc":{"start":{"line":54,"column":43},"end":{"line":54,"column":90}},"line":54},"4":{"name":"(anonymous_4)","decl":{"start":{"line":57,"column":31},"end":{"line":57,"column":32}},"loc":{"start":{"line":57,"column":42},"end":{"line":62,"column":1}},"line":57}},"branchMap":{"0":{"loc":{"start":{"line":19,"column":38},"end":{"line":19,"column":49}},"type":"binary-expr","locations":[{"start":{"line":19,"column":38},"end":{"line":19,"column":44}},{"start":{"line":19,"column":48},"end":{"line":19,"column":49}}],"line":19},"1":{"loc":{"start":{"line":58,"column":2},"end":{"line":58,"column":42}},"type":"if","locations":[{"start":{"line":58,"column":2},"end":{"line":58,"column":42}},{"start":{},"end":{}}],"line":58},"2":{"loc":{"start":{"line":59,"column":2},"end":{"line":59,"column":40}},"type":"if","locations":[{"start":{"line":59,"column":2},"end":{"line":59,"column":40}},{"start":{},"end":{}}],"line":59},"3":{"loc":{"start":{"line":60,"column":2},"end":{"line":60,"column":42}},"type":"if","locations":[{"start":{"line":60,"column":2},"end":{"line":60,"column":42}},{"start":{},"end":{}}],"line":60}},"s":{"0":0,"1":0,"2":0,"3":0,"4":0,"5":0,"6":0,"7":0,"8":0,"9":0,"10":0,"11":0,"12":0,"13":0,"14":0,"15":0,"16":0,"17":0,"18":0,"19":0,"20":0,"21":0,"22":0},"f":{"0":0,"1":0,"2":0,"3":0,"4":0},"b":{"0":[0,0],"1":[0,0],"2":[0,0],"3":[0,0]}}
,"/Users/guillermosotozuniga/restaurant-web/frontend/src/utils/excelImportConfigs.js": {"path":"/Users/guillermosotozuniga/restaurant-web/frontend/src/utils/excelImportConfigs.js","statementMap":{"0":{"start":{"line":2,"column":36},"end":{"line":165,"column":1}}},"fnMap":{},"branchMap":{},"s":{"0":0},"f":{},"b":{}}
,"/Users/guillermosotozuniga/restaurant-web/frontend/src/utils/logger.js": {"path":"/Users/guillermosotozuniga/restaurant-web/frontend/src/utils/logger.js","statementMap":{"0":{"start":{"line":6,"column":22},"end":{"line":38,"column":1}},"1":{"start":{"line":10,"column":22},"end":{"line":10,"column":55}}},"fnMap":{"0":{"name":"(anonymous_0)","decl":{"start":{"line":10,"column":9},"end":{"line":10,"column":10}},"loc":{"start":{"line":10,"column":22},"end":{"line":10,"column":55}},"line":10},"1":{"name":"(anonymous_1)","decl":{"start":{"line":15,"column":8},"end":{"line":15,"column":9}},"loc":{"start":{"line":15,"column":21},"end":{"line":15,"column":23}},"line":15},"2":{"name":"(anonymous_2)","decl":{"start":{"line":20,"column":8},"end":{"line":20,"column":9}},"loc":{"start":{"line":20,"column":21},"end":{"line":20,"column":23}},"line":20},"3":{"name":"(anonymous_3)","decl":{"start":{"line":25,"column":9},"end":{"line":25,"column":10}},"loc":{"start":{"line":25,"column":22},"end":{"line":25,"column":24}},"line":25},"4":{"name":"(anonymous_4)","decl":{"start":{"line":30,"column":7},"end":{"line":30,"column":8}},"loc":{"start":{"line":30,"column":20},"end":{"line":30,"column":22}},"line":30},"5":{"name":"(anonymous_5)","decl":{"start":{"line":35,"column":8},"end":{"line":35,"column":9}},"loc":{"start":{"line":35,"column":19},"end":{"line":35,"column":21}},"line":35},"6":{"name":"(anonymous_6)","decl":{"start":{"line":37,"column":11},"end":{"line":37,"column":12}},"loc":{"start":{"line":37,"column":22},"end":{"line":37,"column":24}},"line":37}},"branchMap":{},"s":{"0":0,"1":0},"f":{"0":0,"1":0,"2":0,"3":0,"4":0,"5":0,"6":0},"b":{}}
}
